Running test with user felix
CMake Deprecation Warning at CMakeLists.txt:1 (cmake_minimum_required):
  Compatibility with CMake < 3.5 will be removed from a future version of
  CMake.

  Update the VERSION argument <min> value or use a ...<max> suffix to tell
  CMake that the project does not need compatibility with older versions.


CMake Deprecation Warning at assignment-autotest/CMakeLists.txt:13 (cmake_minimum_required):
  Compatibility with CMake < 3.5 will be removed from a future version of
  CMake.

  Update the VERSION argument <min> value or use a ...<max> suffix to tell
  CMake that the project does not need compatibility with older versions.


CMake Deprecation Warning at assignment-autotest/Unity/CMakeLists.txt:11 (cmake_minimum_required):
  Compatibility with CMake < 3.5 will be removed from a future version of
  CMake.

  Update the VERSION argument <min> value or use a ...<max> suffix to tell
  CMake that the project does not need compatibility with older versions.


CMake Deprecation Warning at assignment-autotest/Unity/src/CMakeLists.txt:11 (cmake_minimum_required):
  Compatibility with CMake < 3.5 will be removed from a future version of
  CMake.

  Update the VERSION argument <min> value or use a ...<max> suffix to tell
  CMake that the project does not need compatibility with older versions.


-- Generating ;/home/felix/Projects/Coursera/linux_systemprogrammierung_einfuehrung_buildroot/assignment-autotest/test/assignment1/Test_hello_Runner.c;/home/felix/Projects/Coursera/linux_systemprogrammierung_einfuehrung_buildroot/assignment-autotest/test/assignment1/Test_assignment_validate_Runner.c;/home/felix/Projects/Coursera/linux_systemprogrammierung_einfuehrung_buildroot/assignment-autotest/../student-test/assignment1/Test_validate_username_Runner.c from test/assignment1/Test_hello.c;test/assignment1/Test_assignment_validate.c;../student-test/assignment1/Test_validate_username.c
-- Building executable including ;/home/felix/Projects/Coursera/linux_systemprogrammierung_einfuehrung_buildroot/assignment-autotest/test/assignment1/Test_hello_Runner.c;/home/felix/Projects/Coursera/linux_systemprogrammierung_einfuehrung_buildroot/assignment-autotest/test/assignment1/Test_assignment_validate_Runner.c;/home/felix/Projects/Coursera/linux_systemprogrammierung_einfuehrung_buildroot/assignment-autotest/../student-test/assignment1/Test_validate_username_Runner.c test/assignment1/Test_hello.c;test/assignment1/Test_assignment_validate.c;../student-test/assignment1/Test_validate_username.c and ../examples/autotest-validate/autotest-validate.c
-- Configuring done (0.0s)
-- Generating done (0.0s)
-- Build files have been written to: /home/felix/Projects/Coursera/linux_systemprogrammierung_einfuehrung_buildroot/build
[  8%] Building C object assignment-autotest/Unity/src/CMakeFiles/unity.dir/unity.c.o
[ 16%] Linking C static library libunity.a
[ 16%] Built target unity
[ 25%] Generating /home/felix/Projects/Coursera/linux_systemprogrammierung_einfuehrung_buildroot/assignment-autotest/test/assignment1/Test_hello_Runner.c, /home/felix/Projects/Coursera/linux_systemprogrammierung_einfuehrung_buildroot/assignment-autotest/test/assignment1/Test_assignment_validate_Runner.c, /home/felix/Projects/Coursera/linux_systemprogrammierung_einfuehrung_buildroot/student-test/assignment1/Test_validate_username_Runner.c, /home/felix/Projects/Coursera/linux_systemprogrammierung_einfuehrung_buildroot/assignment-autotest/test/unity_runner.c
Test files for auto dependency generation test/assignment1/Test_hello.c test/assignment1/Test_assignment_validate.c ../student-test/assignment1/Test_validate_username.c
Autogenerating runner for test/assignment1/Test_hello.c
/home/felix/Projects/Coursera/linux_systemprogrammierung_einfuehrung_buildroot/assignment-autotest/Unity/auto/generate_test_runner.rb:344: warning: Passing safe_level with the 2nd argument of ERB.new is deprecated. Do not use it, and specify other arguments as keyword arguments.
/home/felix/Projects/Coursera/linux_systemprogrammierung_einfuehrung_buildroot/assignment-autotest/Unity/auto/generate_test_runner.rb:344: warning: Passing trim_mode with the 3rd argument of ERB.new is deprecated. Use keyword argument like ERB.new(str, trim_mode: ...) instead.
Autogenerating runner for test/assignment1/Test_assignment_validate.c
/home/felix/Projects/Coursera/linux_systemprogrammierung_einfuehrung_buildroot/assignment-autotest/Unity/auto/generate_test_runner.rb:344: warning: Passing safe_level with the 2nd argument of ERB.new is deprecated. Do not use it, and specify other arguments as keyword arguments.
/home/felix/Projects/Coursera/linux_systemprogrammierung_einfuehrung_buildroot/assignment-autotest/Unity/auto/generate_test_runner.rb:344: warning: Passing trim_mode with the 3rd argument of ERB.new is deprecated. Use keyword argument like ERB.new(str, trim_mode: ...) instead.
Autogenerating runner for ../student-test/assignment1/Test_validate_username.c
/home/felix/Projects/Coursera/linux_systemprogrammierung_einfuehrung_buildroot/assignment-autotest/Unity/auto/generate_test_runner.rb:344: warning: Passing safe_level with the 2nd argument of ERB.new is deprecated. Do not use it, and specify other arguments as keyword arguments.
/home/felix/Projects/Coursera/linux_systemprogrammierung_einfuehrung_buildroot/assignment-autotest/Unity/auto/generate_test_runner.rb:344: warning: Passing trim_mode with the 3rd argument of ERB.new is deprecated. Use keyword argument like ERB.new(str, trim_mode: ...) instead.
Autogenerating test/unity_runner.c
[ 33%] Building C object assignment-autotest/CMakeFiles/assignment-autotest.dir/test/assignment1/Test_hello.c.o
[ 41%] Building C object assignment-autotest/CMakeFiles/assignment-autotest.dir/test/assignment1/Test_assignment_validate.c.o
[ 50%] Building C object assignment-autotest/CMakeFiles/assignment-autotest.dir/__/student-test/assignment1/Test_validate_username.c.o
[ 58%] Building C object assignment-autotest/CMakeFiles/assignment-autotest.dir/test/assignment1/Test_hello_Runner.c.o
[ 66%] Building C object assignment-autotest/CMakeFiles/assignment-autotest.dir/test/assignment1/Test_assignment_validate_Runner.c.o
[ 75%] Building C object assignment-autotest/CMakeFiles/assignment-autotest.dir/__/student-test/assignment1/Test_validate_username_Runner.c.o
[ 83%] Building C object assignment-autotest/CMakeFiles/assignment-autotest.dir/__/examples/autotest-validate/autotest-validate.c.o
[ 91%] Building C object assignment-autotest/CMakeFiles/assignment-autotest.dir/test/unity_runner.c.o
[100%] Linking C executable assignment-autotest
[100%] Built target assignment-autotest
/home/felix/Projects/Coursera/linux_systemprogrammierung_einfuehrung_buildroot/assignment-autotest/test/assignment1/Test_hello.c:6:test_hello:INFO: Hello!  Your unity setup is working!
/home/felix/Projects/Coursera/linux_systemprogrammierung_einfuehrung_buildroot/assignment-autotest/test/assignment1/Test_hello.c:4:test_hello:PASS

-----------------------
1 Tests 0 Failures 0 Ignored 
OK
/home/felix/Projects/Coursera/linux_systemprogrammierung_einfuehrung_buildroot/assignment-autotest/test/assignment1/Test_assignment_validate.c:9:test_assignment_validate:PASS

-----------------------
1 Tests 0 Failures 0 Ignored 
OK
Read felixdngrs from conf/username.txt
/home/felix/Projects/Coursera/linux_systemprogrammierung_einfuehrung_buildroot/assignment-autotest/../student-test/assignment1/Test_validate_username.c:15:test_validate_my_username:PASS

-----------------------
1 Tests 0 Failures 0 Ignored 
OK
Executing assignment test script
~/Projects/Coursera/linux_systemprogrammierung_einfuehrung_buildroot/assignment-autotest/test/assignment1 ~/Projects/Coursera/linux_systemprogrammierung_einfuehrung_buildroot
~/Projects/Coursera/linux_systemprogrammierung_einfuehrung_buildroot/finder-app ~/Projects/Coursera/linux_systemprogrammierung_einfuehrung_buildroot/assignment-autotest/test/assignment1 ~/Projects/Coursera/linux_systemprogrammierung_einfuehrung_buildroot
Error: Two arguments are required.
Usage: ./writer.sh <file path> <text to write>
Error: Two arguments are required.
Usage: ./writer.sh <file path> <text to write>
Using default value AELD_IS_FUN for string to write
Using default value 10 for number of files to write
Writing 10 files containing string AELD_IS_FUN to /tmp/aeld-data
The number of files are 10 and the number of matching lines are 10
success
Writing 10 files containing string AELD_IS_FUN to /tmp/aeld-data/Cd9Fl0zTZ56gNIkSoRG2NozB9Okjqt6c
The number of files are 10 and the number of matching lines are 10
success
Test of assignment assignment1 complete with success
Running test with user felix
CMake Error: The current CMakeCache.txt directory /home/felix/Projects/Coursera/assignment-1-felixdngrs/build/CMakeCache.txt is different than the directory /home/felix/Projects/Coursera/linux_systemprogrammierung_einfuehrung_buildroot/build where CMakeCache.txt was created. This may result in binaries being created in the wrong place. If you are not sure, reedit the CMakeCache.txt
CMake Error: The source "/home/felix/Projects/Coursera/assignment-1-felixdngrs/CMakeLists.txt" does not match the source "/home/felix/Projects/Coursera/linux_systemprogrammierung_einfuehrung_buildroot/CMakeLists.txt" used to generate cache.  Re-run cmake with a different source directory.
CMake Deprecation Warning at CMakeLists.txt:1 (cmake_minimum_required):
  Compatibility with CMake < 3.5 will be removed from a future version of
  CMake.

  Update the VERSION argument <min> value or use a ...<max> suffix to tell
  CMake that the project does not need compatibility with older versions.


CMake Deprecation Warning at assignment-autotest/CMakeLists.txt:13 (cmake_minimum_required):
  Compatibility with CMake < 3.5 will be removed from a future version of
  CMake.

  Update the VERSION argument <min> value or use a ...<max> suffix to tell
  CMake that the project does not need compatibility with older versions.


CMake Deprecation Warning at assignment-autotest/Unity/CMakeLists.txt:11 (cmake_minimum_required):
  Compatibility with CMake < 3.5 will be removed from a future version of
  CMake.

  Update the VERSION argument <min> value or use a ...<max> suffix to tell
  CMake that the project does not need compatibility with older versions.


CMake Deprecation Warning at assignment-autotest/Unity/src/CMakeLists.txt:11 (cmake_minimum_required):
  Compatibility with CMake < 3.5 will be removed from a future version of
  CMake.

  Update the VERSION argument <min> value or use a ...<max> suffix to tell
  CMake that the project does not need compatibility with older versions.


-- Generating ;/home/felix/Projects/Coursera/linux_systemprogrammierung_einfuehrung_buildroot/assignment-autotest/test/assignment1/Test_hello_Runner.c;/home/felix/Projects/Coursera/linux_systemprogrammierung_einfuehrung_buildroot/assignment-autotest/test/assignment1/Test_assignment_validate_Runner.c;/home/felix/Projects/Coursera/linux_systemprogrammierung_einfuehrung_buildroot/assignment-autotest/../student-test/assignment1/Test_validate_username_Runner.c from test/assignment1/Test_hello.c;test/assignment1/Test_assignment_validate.c;../student-test/assignment1/Test_validate_username.c
-- Building executable including ;/home/felix/Projects/Coursera/linux_systemprogrammierung_einfuehrung_buildroot/assignment-autotest/test/assignment1/Test_hello_Runner.c;/home/felix/Projects/Coursera/linux_systemprogrammierung_einfuehrung_buildroot/assignment-autotest/test/assignment1/Test_assignment_validate_Runner.c;/home/felix/Projects/Coursera/linux_systemprogrammierung_einfuehrung_buildroot/assignment-autotest/../student-test/assignment1/Test_validate_username_Runner.c test/assignment1/Test_hello.c;test/assignment1/Test_assignment_validate.c;../student-test/assignment1/Test_validate_username.c and ../examples/autotest-validate/autotest-validate.c
-- Configuring done (0.2s)
-- Generating done (0.1s)
-- Build files have been written to: /home/felix/Projects/Coursera/linux_systemprogrammierung_einfuehrung_buildroot/build
[  8%] Building C object assignment-autotest/Unity/src/CMakeFiles/unity.dir/unity.c.o
[ 16%] Linking C static library libunity.a
[ 16%] Built target unity
[ 25%] Generating /home/felix/Projects/Coursera/linux_systemprogrammierung_einfuehrung_buildroot/assignment-autotest/test/assignment1/Test_hello_Runner.c, /home/felix/Projects/Coursera/linux_systemprogrammierung_einfuehrung_buildroot/assignment-autotest/test/assignment1/Test_assignment_validate_Runner.c, /home/felix/Projects/Coursera/linux_systemprogrammierung_einfuehrung_buildroot/student-test/assignment1/Test_validate_username_Runner.c, /home/felix/Projects/Coursera/linux_systemprogrammierung_einfuehrung_buildroot/assignment-autotest/test/unity_runner.c
Test files for auto dependency generation test/assignment1/Test_hello.c test/assignment1/Test_assignment_validate.c ../student-test/assignment1/Test_validate_username.c
Autogenerating runner for test/assignment1/Test_hello.c
/home/felix/Projects/Coursera/linux_systemprogrammierung_einfuehrung_buildroot/assignment-autotest/Unity/auto/generate_test_runner.rb:344: warning: Passing safe_level with the 2nd argument of ERB.new is deprecated. Do not use it, and specify other arguments as keyword arguments.
/home/felix/Projects/Coursera/linux_systemprogrammierung_einfuehrung_buildroot/assignment-autotest/Unity/auto/generate_test_runner.rb:344: warning: Passing trim_mode with the 3rd argument of ERB.new is deprecated. Use keyword argument like ERB.new(str, trim_mode: ...) instead.
Autogenerating runner for test/assignment1/Test_assignment_validate.c
/home/felix/Projects/Coursera/linux_systemprogrammierung_einfuehrung_buildroot/assignment-autotest/Unity/auto/generate_test_runner.rb:344: warning: Passing safe_level with the 2nd argument of ERB.new is deprecated. Do not use it, and specify other arguments as keyword arguments.
/home/felix/Projects/Coursera/linux_systemprogrammierung_einfuehrung_buildroot/assignment-autotest/Unity/auto/generate_test_runner.rb:344: warning: Passing trim_mode with the 3rd argument of ERB.new is deprecated. Use keyword argument like ERB.new(str, trim_mode: ...) instead.
Autogenerating runner for ../student-test/assignment1/Test_validate_username.c
/home/felix/Projects/Coursera/linux_systemprogrammierung_einfuehrung_buildroot/assignment-autotest/Unity/auto/generate_test_runner.rb:344: warning: Passing safe_level with the 2nd argument of ERB.new is deprecated. Do not use it, and specify other arguments as keyword arguments.
/home/felix/Projects/Coursera/linux_systemprogrammierung_einfuehrung_buildroot/assignment-autotest/Unity/auto/generate_test_runner.rb:344: warning: Passing trim_mode with the 3rd argument of ERB.new is deprecated. Use keyword argument like ERB.new(str, trim_mode: ...) instead.
Autogenerating test/unity_runner.c
[ 33%] Building C object assignment-autotest/CMakeFiles/assignment-autotest.dir/test/assignment1/Test_hello.c.o
[ 41%] Building C object assignment-autotest/CMakeFiles/assignment-autotest.dir/test/assignment1/Test_assignment_validate.c.o
[ 50%] Building C object assignment-autotest/CMakeFiles/assignment-autotest.dir/__/student-test/assignment1/Test_validate_username.c.o
[ 58%] Building C object assignment-autotest/CMakeFiles/assignment-autotest.dir/test/assignment1/Test_hello_Runner.c.o
[ 66%] Building C object assignment-autotest/CMakeFiles/assignment-autotest.dir/test/assignment1/Test_assignment_validate_Runner.c.o
[ 75%] Building C object assignment-autotest/CMakeFiles/assignment-autotest.dir/__/student-test/assignment1/Test_validate_username_Runner.c.o
[ 83%] Building C object assignment-autotest/CMakeFiles/assignment-autotest.dir/__/examples/autotest-validate/autotest-validate.c.o
[ 91%] Building C object assignment-autotest/CMakeFiles/assignment-autotest.dir/test/unity_runner.c.o
make[2]: *** No rule to make target 'assignment-autotest/Unity/src/libunity.a', needed by 'assignment-autotest/assignment-autotest'.  Stop.
make[1]: *** [CMakeFiles/Makefile2:130: assignment-autotest/CMakeFiles/assignment-autotest.dir/all] Error 2
make: *** [Makefile:136: all] Error 2
./unit-test.sh: line 13: ./build/assignment-autotest/assignment-autotest: No such file or directory
Unit test failed
Executing assignment test script
~/Projects/Coursera/assignment-1-felixdngrs/assignment-autotest/test/assignment1 ~/Projects/Coursera/assignment-1-felixdngrs
~/Projects/Coursera/assignment-1-felixdngrs/finder-app ~/Projects/Coursera/assignment-1-felixdngrs/assignment-autotest/test/assignment1 ~/Projects/Coursera/assignment-1-felixdngrs
Error: Two arguments are required.
Usage: ./writer.sh <file path> <text to write>
Error: Two arguments are required.
Usage: ./writer.sh <file path> <text to write>
Using default value AELD_IS_FUN for string to write
Using default value 10 for number of files to write
Writing 10 files containing string AELD_IS_FUN to /tmp/aeld-data
The number of files are 10 and the number of matching lines are 10
success
Writing 10 files containing string AELD_IS_FUN to /tmp/aeld-data/bePVyD1tIdBQ3JqRo7EHnMFLIayMBroO
The number of files are 10 and the number of matching lines are 10
success
Test of assignment assignment1 complete with success
Running test with user felix
CMake Error: The current CMakeCache.txt directory /home/felix/Projects/Coursera/assignment-1-felixdngrs/build/CMakeCache.txt is different than the directory /home/felix/Projects/Coursera/linux_systemprogrammierung_einfuehrung_buildroot/build where CMakeCache.txt was created. This may result in binaries being created in the wrong place. If you are not sure, reedit the CMakeCache.txt
CMake Error: The source "/home/felix/Projects/Coursera/assignment-1-felixdngrs/CMakeLists.txt" does not match the source "/home/felix/Projects/Coursera/linux_systemprogrammierung_einfuehrung_buildroot/CMakeLists.txt" used to generate cache.  Re-run cmake with a different source directory.
CMake Deprecation Warning at CMakeLists.txt:1 (cmake_minimum_required):
  Compatibility with CMake < 3.5 will be removed from a future version of
  CMake.

  Update the VERSION argument <min> value or use a ...<max> suffix to tell
  CMake that the project does not need compatibility with older versions.


CMake Deprecation Warning at assignment-autotest/CMakeLists.txt:13 (cmake_minimum_required):
  Compatibility with CMake < 3.5 will be removed from a future version of
  CMake.

  Update the VERSION argument <min> value or use a ...<max> suffix to tell
  CMake that the project does not need compatibility with older versions.


CMake Deprecation Warning at assignment-autotest/Unity/CMakeLists.txt:11 (cmake_minimum_required):
  Compatibility with CMake < 3.5 will be removed from a future version of
  CMake.

  Update the VERSION argument <min> value or use a ...<max> suffix to tell
  CMake that the project does not need compatibility with older versions.


CMake Deprecation Warning at assignment-autotest/Unity/src/CMakeLists.txt:11 (cmake_minimum_required):
  Compatibility with CMake < 3.5 will be removed from a future version of
  CMake.

  Update the VERSION argument <min> value or use a ...<max> suffix to tell
  CMake that the project does not need compatibility with older versions.


-- Generating ;/home/felix/Projects/Coursera/linux_systemprogrammierung_einfuehrung_buildroot/assignment-autotest/test/assignment1/Test_hello_Runner.c;/home/felix/Projects/Coursera/linux_systemprogrammierung_einfuehrung_buildroot/assignment-autotest/test/assignment1/Test_assignment_validate_Runner.c;/home/felix/Projects/Coursera/linux_systemprogrammierung_einfuehrung_buildroot/assignment-autotest/../student-test/assignment1/Test_validate_username_Runner.c from test/assignment1/Test_hello.c;test/assignment1/Test_assignment_validate.c;../student-test/assignment1/Test_validate_username.c
-- Building executable including ;/home/felix/Projects/Coursera/linux_systemprogrammierung_einfuehrung_buildroot/assignment-autotest/test/assignment1/Test_hello_Runner.c;/home/felix/Projects/Coursera/linux_systemprogrammierung_einfuehrung_buildroot/assignment-autotest/test/assignment1/Test_assignment_validate_Runner.c;/home/felix/Projects/Coursera/linux_systemprogrammierung_einfuehrung_buildroot/assignment-autotest/../student-test/assignment1/Test_validate_username_Runner.c test/assignment1/Test_hello.c;test/assignment1/Test_assignment_validate.c;../student-test/assignment1/Test_validate_username.c and ../examples/autotest-validate/autotest-validate.c
-- Configuring done (0.1s)
-- Generating done (0.1s)
-- Build files have been written to: /home/felix/Projects/Coursera/linux_systemprogrammierung_einfuehrung_buildroot/build
[  8%] Building C object assignment-autotest/Unity/src/CMakeFiles/unity.dir/unity.c.o
[ 16%] Linking C static library libunity.a
[ 16%] Built target unity
[ 25%] Generating /home/felix/Projects/Coursera/linux_systemprogrammierung_einfuehrung_buildroot/assignment-autotest/test/assignment1/Test_hello_Runner.c, /home/felix/Projects/Coursera/linux_systemprogrammierung_einfuehrung_buildroot/assignment-autotest/test/assignment1/Test_assignment_validate_Runner.c, /home/felix/Projects/Coursera/linux_systemprogrammierung_einfuehrung_buildroot/student-test/assignment1/Test_validate_username_Runner.c, /home/felix/Projects/Coursera/linux_systemprogrammierung_einfuehrung_buildroot/assignment-autotest/test/unity_runner.c
Test files for auto dependency generation test/assignment1/Test_hello.c test/assignment1/Test_assignment_validate.c ../student-test/assignment1/Test_validate_username.c
Autogenerating runner for test/assignment1/Test_hello.c
/home/felix/Projects/Coursera/linux_systemprogrammierung_einfuehrung_buildroot/assignment-autotest/Unity/auto/generate_test_runner.rb:344: warning: Passing safe_level with the 2nd argument of ERB.new is deprecated. Do not use it, and specify other arguments as keyword arguments.
/home/felix/Projects/Coursera/linux_systemprogrammierung_einfuehrung_buildroot/assignment-autotest/Unity/auto/generate_test_runner.rb:344: warning: Passing trim_mode with the 3rd argument of ERB.new is deprecated. Use keyword argument like ERB.new(str, trim_mode: ...) instead.
Autogenerating runner for test/assignment1/Test_assignment_validate.c
/home/felix/Projects/Coursera/linux_systemprogrammierung_einfuehrung_buildroot/assignment-autotest/Unity/auto/generate_test_runner.rb:344: warning: Passing safe_level with the 2nd argument of ERB.new is deprecated. Do not use it, and specify other arguments as keyword arguments.
/home/felix/Projects/Coursera/linux_systemprogrammierung_einfuehrung_buildroot/assignment-autotest/Unity/auto/generate_test_runner.rb:344: warning: Passing trim_mode with the 3rd argument of ERB.new is deprecated. Use keyword argument like ERB.new(str, trim_mode: ...) instead.
Autogenerating runner for ../student-test/assignment1/Test_validate_username.c
/home/felix/Projects/Coursera/linux_systemprogrammierung_einfuehrung_buildroot/assignment-autotest/Unity/auto/generate_test_runner.rb:344: warning: Passing safe_level with the 2nd argument of ERB.new is deprecated. Do not use it, and specify other arguments as keyword arguments.
/home/felix/Projects/Coursera/linux_systemprogrammierung_einfuehrung_buildroot/assignment-autotest/Unity/auto/generate_test_runner.rb:344: warning: Passing trim_mode with the 3rd argument of ERB.new is deprecated. Use keyword argument like ERB.new(str, trim_mode: ...) instead.
Autogenerating test/unity_runner.c
[ 33%] Building C object assignment-autotest/CMakeFiles/assignment-autotest.dir/test/assignment1/Test_hello.c.o
[ 41%] Building C object assignment-autotest/CMakeFiles/assignment-autotest.dir/test/assignment1/Test_assignment_validate.c.o
[ 50%] Building C object assignment-autotest/CMakeFiles/assignment-autotest.dir/__/student-test/assignment1/Test_validate_username.c.o
[ 58%] Building C object assignment-autotest/CMakeFiles/assignment-autotest.dir/test/assignment1/Test_hello_Runner.c.o
[ 66%] Building C object assignment-autotest/CMakeFiles/assignment-autotest.dir/test/assignment1/Test_assignment_validate_Runner.c.o
[ 75%] Building C object assignment-autotest/CMakeFiles/assignment-autotest.dir/__/student-test/assignment1/Test_validate_username_Runner.c.o
[ 83%] Building C object assignment-autotest/CMakeFiles/assignment-autotest.dir/__/examples/autotest-validate/autotest-validate.c.o
[ 91%] Building C object assignment-autotest/CMakeFiles/assignment-autotest.dir/test/unity_runner.c.o
make[2]: *** No rule to make target 'assignment-autotest/Unity/src/libunity.a', needed by 'assignment-autotest/assignment-autotest'.  Stop.
make[1]: *** [CMakeFiles/Makefile2:130: assignment-autotest/CMakeFiles/assignment-autotest.dir/all] Error 2
make: *** [Makefile:136: all] Error 2
./unit-test.sh: line 13: ./build/assignment-autotest/assignment-autotest: No such file or directory
Unit test failed
Executing assignment test script
~/Projects/Coursera/assignment-1-felixdngrs/assignment-autotest/test/assignment2 ~/Projects/Coursera/assignment-1-felixdngrs
~/Projects/Coursera/assignment-1-felixdngrs/finder-app ~/Projects/Coursera/assignment-1-felixdngrs/assignment-autotest/test/assignment2 ~/Projects/Coursera/assignment-1-felixdngrs
rm writer *.o
gcc -c writer.c
gcc -o writer writer.o
Using default value AELD_IS_FUN for string to write
Using default value 10 for number of files to write
Writing 10 files containing string AELD_IS_FUN to /tmp/aeld-data
/tmp/aeld-data created
Removing the old writer utility and compiling as a native application
rm writer *.o
gcc -c writer.c
gcc -o writer writer.o
[0;31mValidation Error:finder-test.sh execution failed with return code 1[0m
Validation failed with error list :finder-test.sh execution failed with return code 1
Test of assignment assignment2 failed with rc=1
Running test with user felix
CMake Error: The current CMakeCache.txt directory /home/felix/Projects/Coursera/assignment-1-felixdngrs/build/CMakeCache.txt is different than the directory /home/felix/Projects/Coursera/linux_systemprogrammierung_einfuehrung_buildroot/build where CMakeCache.txt was created. This may result in binaries being created in the wrong place. If you are not sure, reedit the CMakeCache.txt
CMake Error: The source "/home/felix/Projects/Coursera/assignment-1-felixdngrs/CMakeLists.txt" does not match the source "/home/felix/Projects/Coursera/linux_systemprogrammierung_einfuehrung_buildroot/CMakeLists.txt" used to generate cache.  Re-run cmake with a different source directory.
CMake Deprecation Warning at CMakeLists.txt:1 (cmake_minimum_required):
  Compatibility with CMake < 3.5 will be removed from a future version of
  CMake.

  Update the VERSION argument <min> value or use a ...<max> suffix to tell
  CMake that the project does not need compatibility with older versions.


CMake Deprecation Warning at assignment-autotest/CMakeLists.txt:13 (cmake_minimum_required):
  Compatibility with CMake < 3.5 will be removed from a future version of
  CMake.

  Update the VERSION argument <min> value or use a ...<max> suffix to tell
  CMake that the project does not need compatibility with older versions.


CMake Deprecation Warning at assignment-autotest/Unity/CMakeLists.txt:11 (cmake_minimum_required):
  Compatibility with CMake < 3.5 will be removed from a future version of
  CMake.

  Update the VERSION argument <min> value or use a ...<max> suffix to tell
  CMake that the project does not need compatibility with older versions.


CMake Deprecation Warning at assignment-autotest/Unity/src/CMakeLists.txt:11 (cmake_minimum_required):
  Compatibility with CMake < 3.5 will be removed from a future version of
  CMake.

  Update the VERSION argument <min> value or use a ...<max> suffix to tell
  CMake that the project does not need compatibility with older versions.


-- Generating ;/home/felix/Projects/Coursera/linux_systemprogrammierung_einfuehrung_buildroot/assignment-autotest/test/assignment1/Test_hello_Runner.c;/home/felix/Projects/Coursera/linux_systemprogrammierung_einfuehrung_buildroot/assignment-autotest/test/assignment1/Test_assignment_validate_Runner.c;/home/felix/Projects/Coursera/linux_systemprogrammierung_einfuehrung_buildroot/assignment-autotest/../student-test/assignment1/Test_validate_username_Runner.c from test/assignment1/Test_hello.c;test/assignment1/Test_assignment_validate.c;../student-test/assignment1/Test_validate_username.c
-- Building executable including ;/home/felix/Projects/Coursera/linux_systemprogrammierung_einfuehrung_buildroot/assignment-autotest/test/assignment1/Test_hello_Runner.c;/home/felix/Projects/Coursera/linux_systemprogrammierung_einfuehrung_buildroot/assignment-autotest/test/assignment1/Test_assignment_validate_Runner.c;/home/felix/Projects/Coursera/linux_systemprogrammierung_einfuehrung_buildroot/assignment-autotest/../student-test/assignment1/Test_validate_username_Runner.c test/assignment1/Test_hello.c;test/assignment1/Test_assignment_validate.c;../student-test/assignment1/Test_validate_username.c and ../examples/autotest-validate/autotest-validate.c
-- Configuring done (0.1s)
-- Generating done (0.1s)
-- Build files have been written to: /home/felix/Projects/Coursera/linux_systemprogrammierung_einfuehrung_buildroot/build
[  8%] Building C object assignment-autotest/Unity/src/CMakeFiles/unity.dir/unity.c.o
[ 16%] Linking C static library libunity.a
[ 16%] Built target unity
[ 25%] Generating /home/felix/Projects/Coursera/linux_systemprogrammierung_einfuehrung_buildroot/assignment-autotest/test/assignment1/Test_hello_Runner.c, /home/felix/Projects/Coursera/linux_systemprogrammierung_einfuehrung_buildroot/assignment-autotest/test/assignment1/Test_assignment_validate_Runner.c, /home/felix/Projects/Coursera/linux_systemprogrammierung_einfuehrung_buildroot/student-test/assignment1/Test_validate_username_Runner.c, /home/felix/Projects/Coursera/linux_systemprogrammierung_einfuehrung_buildroot/assignment-autotest/test/unity_runner.c
Test files for auto dependency generation test/assignment1/Test_hello.c test/assignment1/Test_assignment_validate.c ../student-test/assignment1/Test_validate_username.c
Autogenerating runner for test/assignment1/Test_hello.c
/home/felix/Projects/Coursera/linux_systemprogrammierung_einfuehrung_buildroot/assignment-autotest/Unity/auto/generate_test_runner.rb:344: warning: Passing safe_level with the 2nd argument of ERB.new is deprecated. Do not use it, and specify other arguments as keyword arguments.
/home/felix/Projects/Coursera/linux_systemprogrammierung_einfuehrung_buildroot/assignment-autotest/Unity/auto/generate_test_runner.rb:344: warning: Passing trim_mode with the 3rd argument of ERB.new is deprecated. Use keyword argument like ERB.new(str, trim_mode: ...) instead.
Autogenerating runner for test/assignment1/Test_assignment_validate.c
/home/felix/Projects/Coursera/linux_systemprogrammierung_einfuehrung_buildroot/assignment-autotest/Unity/auto/generate_test_runner.rb:344: warning: Passing safe_level with the 2nd argument of ERB.new is deprecated. Do not use it, and specify other arguments as keyword arguments.
/home/felix/Projects/Coursera/linux_systemprogrammierung_einfuehrung_buildroot/assignment-autotest/Unity/auto/generate_test_runner.rb:344: warning: Passing trim_mode with the 3rd argument of ERB.new is deprecated. Use keyword argument like ERB.new(str, trim_mode: ...) instead.
Autogenerating runner for ../student-test/assignment1/Test_validate_username.c
/home/felix/Projects/Coursera/linux_systemprogrammierung_einfuehrung_buildroot/assignment-autotest/Unity/auto/generate_test_runner.rb:344: warning: Passing safe_level with the 2nd argument of ERB.new is deprecated. Do not use it, and specify other arguments as keyword arguments.
/home/felix/Projects/Coursera/linux_systemprogrammierung_einfuehrung_buildroot/assignment-autotest/Unity/auto/generate_test_runner.rb:344: warning: Passing trim_mode with the 3rd argument of ERB.new is deprecated. Use keyword argument like ERB.new(str, trim_mode: ...) instead.
Autogenerating test/unity_runner.c
[ 33%] Building C object assignment-autotest/CMakeFiles/assignment-autotest.dir/test/assignment1/Test_hello.c.o
[ 41%] Building C object assignment-autotest/CMakeFiles/assignment-autotest.dir/test/assignment1/Test_assignment_validate.c.o
[ 50%] Building C object assignment-autotest/CMakeFiles/assignment-autotest.dir/__/student-test/assignment1/Test_validate_username.c.o
[ 58%] Building C object assignment-autotest/CMakeFiles/assignment-autotest.dir/test/assignment1/Test_hello_Runner.c.o
[ 66%] Building C object assignment-autotest/CMakeFiles/assignment-autotest.dir/test/assignment1/Test_assignment_validate_Runner.c.o
[ 75%] Building C object assignment-autotest/CMakeFiles/assignment-autotest.dir/__/student-test/assignment1/Test_validate_username_Runner.c.o
[ 83%] Building C object assignment-autotest/CMakeFiles/assignment-autotest.dir/__/examples/autotest-validate/autotest-validate.c.o
[ 91%] Building C object assignment-autotest/CMakeFiles/assignment-autotest.dir/test/unity_runner.c.o
make[2]: *** No rule to make target 'assignment-autotest/Unity/src/libunity.a', needed by 'assignment-autotest/assignment-autotest'.  Stop.
make[1]: *** [CMakeFiles/Makefile2:130: assignment-autotest/CMakeFiles/assignment-autotest.dir/all] Error 2
make: *** [Makefile:136: all] Error 2
./unit-test.sh: line 13: ./build/assignment-autotest/assignment-autotest: No such file or directory
Unit test failed
Executing assignment test script
~/Projects/Coursera/assignment-1-felixdngrs/assignment-autotest/test/assignment2 ~/Projects/Coursera/assignment-1-felixdngrs
~/Projects/Coursera/assignment-1-felixdngrs/finder-app ~/Projects/Coursera/assignment-1-felixdngrs/assignment-autotest/test/assignment2 ~/Projects/Coursera/assignment-1-felixdngrs
rm writer *.o
gcc -c writer.c
gcc -o writer writer.o
Using default value AELD_IS_FUN for string to write
Using default value 10 for number of files to write
Writing 10 files containing string AELD_IS_FUN to /tmp/aeld-data
/tmp/aeld-data created
Removing the old writer utility and compiling as a native application
rm writer *.o
gcc -c writer.c
gcc -o writer writer.o
[0;31mValidation Error:finder-test.sh execution failed with return code 1[0m
Validation failed with error list :finder-test.sh execution failed with return code 1
Test of assignment assignment2 failed with rc=1
Running test with user felix
CMake Deprecation Warning at CMakeLists.txt:1 (cmake_minimum_required):
  Compatibility with CMake < 3.5 will be removed from a future version of
  CMake.

  Update the VERSION argument <min> value or use a ...<max> suffix to tell
  CMake that the project does not need compatibility with older versions.


-- The C compiler identification is GNU 13.3.0
-- The CXX compiler identification is GNU 13.3.0
-- Detecting C compiler ABI info
-- Detecting C compiler ABI info - done
-- Check for working C compiler: /usr/bin/cc - skipped
-- Detecting C compile features
-- Detecting C compile features - done
-- Detecting CXX compiler ABI info
-- Detecting CXX compiler ABI info - done
-- Check for working CXX compiler: /usr/bin/c++ - skipped
-- Detecting CXX compile features
-- Detecting CXX compile features - done
CMake Deprecation Warning at assignment-autotest/CMakeLists.txt:13 (cmake_minimum_required):
  Compatibility with CMake < 3.5 will be removed from a future version of
  CMake.

  Update the VERSION argument <min> value or use a ...<max> suffix to tell
  CMake that the project does not need compatibility with older versions.


CMake Deprecation Warning at assignment-autotest/Unity/CMakeLists.txt:11 (cmake_minimum_required):
  Compatibility with CMake < 3.5 will be removed from a future version of
  CMake.

  Update the VERSION argument <min> value or use a ...<max> suffix to tell
  CMake that the project does not need compatibility with older versions.


CMake Deprecation Warning at assignment-autotest/Unity/src/CMakeLists.txt:11 (cmake_minimum_required):
  Compatibility with CMake < 3.5 will be removed from a future version of
  CMake.

  Update the VERSION argument <min> value or use a ...<max> suffix to tell
  CMake that the project does not need compatibility with older versions.


-- Generating ;/home/felix/Projects/Coursera/assignment-1-felixdngrs/assignment-autotest/test/assignment1/Test_hello_Runner.c;/home/felix/Projects/Coursera/assignment-1-felixdngrs/assignment-autotest/test/assignment1/Test_assignment_validate_Runner.c from test/assignment1/Test_hello.c;test/assignment1/Test_assignment_validate.c
-- Building executable including ;/home/felix/Projects/Coursera/assignment-1-felixdngrs/assignment-autotest/test/assignment1/Test_hello_Runner.c;/home/felix/Projects/Coursera/assignment-1-felixdngrs/assignment-autotest/test/assignment1/Test_assignment_validate_Runner.c test/assignment1/Test_hello.c;test/assignment1/Test_assignment_validate.c and ../examples/autotest-validate/autotest-validate.c
-- Configuring done (3.4s)
-- Generating done (0.1s)
-- Build files have been written to: /home/felix/Projects/Coursera/assignment-1-felixdngrs/build
[ 10%] Building C object assignment-autotest/Unity/src/CMakeFiles/unity.dir/unity.c.o
[ 20%] Linking C static library libunity.a
[ 20%] Built target unity
[ 30%] Generating /home/felix/Projects/Coursera/assignment-1-felixdngrs/assignment-autotest/test/assignment1/Test_hello_Runner.c, /home/felix/Projects/Coursera/assignment-1-felixdngrs/assignment-autotest/test/assignment1/Test_assignment_validate_Runner.c, /home/felix/Projects/Coursera/assignment-1-felixdngrs/assignment-autotest/test/unity_runner.c
Test files for auto dependency generation test/assignment1/Test_hello.c test/assignment1/Test_assignment_validate.c
Autogenerating runner for test/assignment1/Test_hello.c
/home/felix/Projects/Coursera/assignment-1-felixdngrs/assignment-autotest/Unity/auto/generate_test_runner.rb:344: warning: Passing safe_level with the 2nd argument of ERB.new is deprecated. Do not use it, and specify other arguments as keyword arguments.
/home/felix/Projects/Coursera/assignment-1-felixdngrs/assignment-autotest/Unity/auto/generate_test_runner.rb:344: warning: Passing trim_mode with the 3rd argument of ERB.new is deprecated. Use keyword argument like ERB.new(str, trim_mode: ...) instead.
Autogenerating runner for test/assignment1/Test_assignment_validate.c
/home/felix/Projects/Coursera/assignment-1-felixdngrs/assignment-autotest/Unity/auto/generate_test_runner.rb:344: warning: Passing safe_level with the 2nd argument of ERB.new is deprecated. Do not use it, and specify other arguments as keyword arguments.
/home/felix/Projects/Coursera/assignment-1-felixdngrs/assignment-autotest/Unity/auto/generate_test_runner.rb:344: warning: Passing trim_mode with the 3rd argument of ERB.new is deprecated. Use keyword argument like ERB.new(str, trim_mode: ...) instead.
Autogenerating test/unity_runner.c
[ 40%] Building C object assignment-autotest/CMakeFiles/assignment-autotest.dir/test/assignment1/Test_hello.c.o
[ 50%] Building C object assignment-autotest/CMakeFiles/assignment-autotest.dir/test/assignment1/Test_assignment_validate.c.o
[ 60%] Building C object assignment-autotest/CMakeFiles/assignment-autotest.dir/test/assignment1/Test_hello_Runner.c.o
[ 70%] Building C object assignment-autotest/CMakeFiles/assignment-autotest.dir/test/assignment1/Test_assignment_validate_Runner.c.o
[ 80%] Building C object assignment-autotest/CMakeFiles/assignment-autotest.dir/__/examples/autotest-validate/autotest-validate.c.o
[ 90%] Building C object assignment-autotest/CMakeFiles/assignment-autotest.dir/test/unity_runner.c.o
[100%] Linking C executable assignment-autotest
[100%] Built target assignment-autotest
/home/felix/Projects/Coursera/assignment-1-felixdngrs/assignment-autotest/test/assignment1/Test_hello.c:6:test_hello:INFO: Hello!  Your unity setup is working!
/home/felix/Projects/Coursera/assignment-1-felixdngrs/assignment-autotest/test/assignment1/Test_hello.c:4:test_hello:PASS

-----------------------
1 Tests 0 Failures 0 Ignored 
OK
/home/felix/Projects/Coursera/assignment-1-felixdngrs/assignment-autotest/test/assignment1/Test_assignment_validate.c:9:test_assignment_validate:PASS

-----------------------
1 Tests 0 Failures 0 Ignored 
OK
Executing assignment test script
~/Projects/Coursera/assignment-1-felixdngrs/assignment-autotest/test/assignment2 ~/Projects/Coursera/assignment-1-felixdngrs
~/Projects/Coursera/assignment-1-felixdngrs/finder-app ~/Projects/Coursera/assignment-1-felixdngrs/assignment-autotest/test/assignment2 ~/Projects/Coursera/assignment-1-felixdngrs
rm writer *.o
gcc -c writer.c
gcc -o writer writer.o
Using default value AELD_IS_FUN for string to write
Using default value 10 for number of files to write
Writing 10 files containing string AELD_IS_FUN to /tmp/aeld-data
/tmp/aeld-data created
Removing the old writer utility and compiling as a native application
rm writer *.o
gcc -c writer.c
gcc -o writer writer.o
[0;31mValidation Error:finder-test.sh execution failed with return code 1[0m
Validation failed with error list :finder-test.sh execution failed with return code 1
Test of assignment assignment2 failed with rc=1
Running test with user felix
CMake Deprecation Warning at CMakeLists.txt:1 (cmake_minimum_required):
  Compatibility with CMake < 3.5 will be removed from a future version of
  CMake.

  Update the VERSION argument <min> value or use a ...<max> suffix to tell
  CMake that the project does not need compatibility with older versions.


-- The C compiler identification is GNU 13.3.0
-- The CXX compiler identification is GNU 13.3.0
-- Detecting C compiler ABI info
-- Detecting C compiler ABI info - done
-- Check for working C compiler: /usr/bin/cc - skipped
-- Detecting C compile features
-- Detecting C compile features - done
-- Detecting CXX compiler ABI info
-- Detecting CXX compiler ABI info - done
-- Check for working CXX compiler: /usr/bin/c++ - skipped
-- Detecting CXX compile features
-- Detecting CXX compile features - done
CMake Deprecation Warning at assignment-autotest/CMakeLists.txt:13 (cmake_minimum_required):
  Compatibility with CMake < 3.5 will be removed from a future version of
  CMake.

  Update the VERSION argument <min> value or use a ...<max> suffix to tell
  CMake that the project does not need compatibility with older versions.


CMake Deprecation Warning at assignment-autotest/Unity/CMakeLists.txt:11 (cmake_minimum_required):
  Compatibility with CMake < 3.5 will be removed from a future version of
  CMake.

  Update the VERSION argument <min> value or use a ...<max> suffix to tell
  CMake that the project does not need compatibility with older versions.


CMake Deprecation Warning at assignment-autotest/Unity/src/CMakeLists.txt:11 (cmake_minimum_required):
  Compatibility with CMake < 3.5 will be removed from a future version of
  CMake.

  Update the VERSION argument <min> value or use a ...<max> suffix to tell
  CMake that the project does not need compatibility with older versions.


-- Generating ;/home/felix/Projects/Coursera/assignment-1-felixdngrs/assignment-autotest/test/assignment1/Test_hello_Runner.c;/home/felix/Projects/Coursera/assignment-1-felixdngrs/assignment-autotest/test/assignment1/Test_assignment_validate_Runner.c from test/assignment1/Test_hello.c;test/assignment1/Test_assignment_validate.c
-- Building executable including ;/home/felix/Projects/Coursera/assignment-1-felixdngrs/assignment-autotest/test/assignment1/Test_hello_Runner.c;/home/felix/Projects/Coursera/assignment-1-felixdngrs/assignment-autotest/test/assignment1/Test_assignment_validate_Runner.c test/assignment1/Test_hello.c;test/assignment1/Test_assignment_validate.c and ../examples/autotest-validate/autotest-validate.c
-- Configuring done (3.2s)
-- Generating done (0.1s)
-- Build files have been written to: /home/felix/Projects/Coursera/assignment-1-felixdngrs/build
[ 10%] Building C object assignment-autotest/Unity/src/CMakeFiles/unity.dir/unity.c.o
[ 20%] Linking C static library libunity.a
[ 20%] Built target unity
[ 30%] Generating /home/felix/Projects/Coursera/assignment-1-felixdngrs/assignment-autotest/test/assignment1/Test_hello_Runner.c, /home/felix/Projects/Coursera/assignment-1-felixdngrs/assignment-autotest/test/assignment1/Test_assignment_validate_Runner.c, /home/felix/Projects/Coursera/assignment-1-felixdngrs/assignment-autotest/test/unity_runner.c
Test files for auto dependency generation test/assignment1/Test_hello.c test/assignment1/Test_assignment_validate.c
Autogenerating runner for test/assignment1/Test_hello.c
/home/felix/Projects/Coursera/assignment-1-felixdngrs/assignment-autotest/Unity/auto/generate_test_runner.rb:344: warning: Passing safe_level with the 2nd argument of ERB.new is deprecated. Do not use it, and specify other arguments as keyword arguments.
/home/felix/Projects/Coursera/assignment-1-felixdngrs/assignment-autotest/Unity/auto/generate_test_runner.rb:344: warning: Passing trim_mode with the 3rd argument of ERB.new is deprecated. Use keyword argument like ERB.new(str, trim_mode: ...) instead.
Autogenerating runner for test/assignment1/Test_assignment_validate.c
/home/felix/Projects/Coursera/assignment-1-felixdngrs/assignment-autotest/Unity/auto/generate_test_runner.rb:344: warning: Passing safe_level with the 2nd argument of ERB.new is deprecated. Do not use it, and specify other arguments as keyword arguments.
/home/felix/Projects/Coursera/assignment-1-felixdngrs/assignment-autotest/Unity/auto/generate_test_runner.rb:344: warning: Passing trim_mode with the 3rd argument of ERB.new is deprecated. Use keyword argument like ERB.new(str, trim_mode: ...) instead.
Autogenerating test/unity_runner.c
[ 40%] Building C object assignment-autotest/CMakeFiles/assignment-autotest.dir/test/assignment1/Test_hello.c.o
[ 50%] Building C object assignment-autotest/CMakeFiles/assignment-autotest.dir/test/assignment1/Test_assignment_validate.c.o
[ 60%] Building C object assignment-autotest/CMakeFiles/assignment-autotest.dir/test/assignment1/Test_hello_Runner.c.o
[ 70%] Building C object assignment-autotest/CMakeFiles/assignment-autotest.dir/test/assignment1/Test_assignment_validate_Runner.c.o
[ 80%] Building C object assignment-autotest/CMakeFiles/assignment-autotest.dir/__/examples/autotest-validate/autotest-validate.c.o
[ 90%] Building C object assignment-autotest/CMakeFiles/assignment-autotest.dir/test/unity_runner.c.o
[100%] Linking C executable assignment-autotest
[100%] Built target assignment-autotest
/home/felix/Projects/Coursera/assignment-1-felixdngrs/assignment-autotest/test/assignment1/Test_hello.c:6:test_hello:INFO: Hello!  Your unity setup is working!
/home/felix/Projects/Coursera/assignment-1-felixdngrs/assignment-autotest/test/assignment1/Test_hello.c:4:test_hello:PASS

-----------------------
1 Tests 0 Failures 0 Ignored 
OK
/home/felix/Projects/Coursera/assignment-1-felixdngrs/assignment-autotest/test/assignment1/Test_assignment_validate.c:9:test_assignment_validate:PASS

-----------------------
1 Tests 0 Failures 0 Ignored 
OK
Executing assignment test script
~/Projects/Coursera/assignment-1-felixdngrs/assignment-autotest/test/assignment2 ~/Projects/Coursera/assignment-1-felixdngrs
~/Projects/Coursera/assignment-1-felixdngrs/finder-app ~/Projects/Coursera/assignment-1-felixdngrs/assignment-autotest/test/assignment2 ~/Projects/Coursera/assignment-1-felixdngrs
rm writer *.o
gcc -c writer.c
gcc -o writer writer.o
Using default value AELD_IS_FUN for string to write
Using default value 10 for number of files to write
Writing 10 files containing string AELD_IS_FUN to /tmp/aeld-data
/tmp/aeld-data created
Removing the old writer utility and compiling as a native application
rm writer *.o
gcc -c writer.c
gcc -o writer writer.o
[0;31mValidation Error:finder-test.sh execution failed with return code 1[0m
Validation failed with error list :finder-test.sh execution failed with return code 1
Test of assignment assignment2 failed with rc=1
Running test with user felix
CMake Deprecation Warning at CMakeLists.txt:1 (cmake_minimum_required):
  Compatibility with CMake < 3.5 will be removed from a future version of
  CMake.

  Update the VERSION argument <min> value or use a ...<max> suffix to tell
  CMake that the project does not need compatibility with older versions.


-- The C compiler identification is GNU 13.3.0
-- The CXX compiler identification is GNU 13.3.0
-- Detecting C compiler ABI info
-- Detecting C compiler ABI info - done
-- Check for working C compiler: /usr/bin/cc - skipped
-- Detecting C compile features
-- Detecting C compile features - done
-- Detecting CXX compiler ABI info
-- Detecting CXX compiler ABI info - done
-- Check for working CXX compiler: /usr/bin/c++ - skipped
-- Detecting CXX compile features
-- Detecting CXX compile features - done
CMake Deprecation Warning at assignment-autotest/CMakeLists.txt:13 (cmake_minimum_required):
  Compatibility with CMake < 3.5 will be removed from a future version of
  CMake.

  Update the VERSION argument <min> value or use a ...<max> suffix to tell
  CMake that the project does not need compatibility with older versions.


CMake Deprecation Warning at assignment-autotest/Unity/CMakeLists.txt:11 (cmake_minimum_required):
  Compatibility with CMake < 3.5 will be removed from a future version of
  CMake.

  Update the VERSION argument <min> value or use a ...<max> suffix to tell
  CMake that the project does not need compatibility with older versions.


CMake Deprecation Warning at assignment-autotest/Unity/src/CMakeLists.txt:11 (cmake_minimum_required):
  Compatibility with CMake < 3.5 will be removed from a future version of
  CMake.

  Update the VERSION argument <min> value or use a ...<max> suffix to tell
  CMake that the project does not need compatibility with older versions.


-- Generating ;/home/felix/Projects/Coursera/assignment-1-felixdngrs/assignment-autotest/test/assignment1/Test_hello_Runner.c;/home/felix/Projects/Coursera/assignment-1-felixdngrs/assignment-autotest/test/assignment1/Test_assignment_validate_Runner.c from test/assignment1/Test_hello.c;test/assignment1/Test_assignment_validate.c
-- Building executable including ;/home/felix/Projects/Coursera/assignment-1-felixdngrs/assignment-autotest/test/assignment1/Test_hello_Runner.c;/home/felix/Projects/Coursera/assignment-1-felixdngrs/assignment-autotest/test/assignment1/Test_assignment_validate_Runner.c test/assignment1/Test_hello.c;test/assignment1/Test_assignment_validate.c and ../examples/autotest-validate/autotest-validate.c
-- Configuring done (3.2s)
-- Generating done (0.1s)
-- Build files have been written to: /home/felix/Projects/Coursera/assignment-1-felixdngrs/build
[ 10%] Building C object assignment-autotest/Unity/src/CMakeFiles/unity.dir/unity.c.o
[ 20%] Linking C static library libunity.a
[ 20%] Built target unity
[ 30%] Generating /home/felix/Projects/Coursera/assignment-1-felixdngrs/assignment-autotest/test/assignment1/Test_hello_Runner.c, /home/felix/Projects/Coursera/assignment-1-felixdngrs/assignment-autotest/test/assignment1/Test_assignment_validate_Runner.c, /home/felix/Projects/Coursera/assignment-1-felixdngrs/assignment-autotest/test/unity_runner.c
Test files for auto dependency generation test/assignment1/Test_hello.c test/assignment1/Test_assignment_validate.c
Autogenerating runner for test/assignment1/Test_hello.c
/home/felix/Projects/Coursera/assignment-1-felixdngrs/assignment-autotest/Unity/auto/generate_test_runner.rb:344: warning: Passing safe_level with the 2nd argument of ERB.new is deprecated. Do not use it, and specify other arguments as keyword arguments.
/home/felix/Projects/Coursera/assignment-1-felixdngrs/assignment-autotest/Unity/auto/generate_test_runner.rb:344: warning: Passing trim_mode with the 3rd argument of ERB.new is deprecated. Use keyword argument like ERB.new(str, trim_mode: ...) instead.
Autogenerating runner for test/assignment1/Test_assignment_validate.c
/home/felix/Projects/Coursera/assignment-1-felixdngrs/assignment-autotest/Unity/auto/generate_test_runner.rb:344: warning: Passing safe_level with the 2nd argument of ERB.new is deprecated. Do not use it, and specify other arguments as keyword arguments.
/home/felix/Projects/Coursera/assignment-1-felixdngrs/assignment-autotest/Unity/auto/generate_test_runner.rb:344: warning: Passing trim_mode with the 3rd argument of ERB.new is deprecated. Use keyword argument like ERB.new(str, trim_mode: ...) instead.
Autogenerating test/unity_runner.c
[ 40%] Building C object assignment-autotest/CMakeFiles/assignment-autotest.dir/test/assignment1/Test_hello.c.o
[ 50%] Building C object assignment-autotest/CMakeFiles/assignment-autotest.dir/test/assignment1/Test_assignment_validate.c.o
[ 60%] Building C object assignment-autotest/CMakeFiles/assignment-autotest.dir/test/assignment1/Test_hello_Runner.c.o
[ 70%] Building C object assignment-autotest/CMakeFiles/assignment-autotest.dir/test/assignment1/Test_assignment_validate_Runner.c.o
[ 80%] Building C object assignment-autotest/CMakeFiles/assignment-autotest.dir/__/examples/autotest-validate/autotest-validate.c.o
[ 90%] Building C object assignment-autotest/CMakeFiles/assignment-autotest.dir/test/unity_runner.c.o
[100%] Linking C executable assignment-autotest
[100%] Built target assignment-autotest
/home/felix/Projects/Coursera/assignment-1-felixdngrs/assignment-autotest/test/assignment1/Test_hello.c:6:test_hello:INFO: Hello!  Your unity setup is working!
/home/felix/Projects/Coursera/assignment-1-felixdngrs/assignment-autotest/test/assignment1/Test_hello.c:4:test_hello:PASS

-----------------------
1 Tests 0 Failures 0 Ignored 
OK
/home/felix/Projects/Coursera/assignment-1-felixdngrs/assignment-autotest/test/assignment1/Test_assignment_validate.c:9:test_assignment_validate:PASS

-----------------------
1 Tests 0 Failures 0 Ignored 
OK
Executing assignment test script
~/Projects/Coursera/assignment-1-felixdngrs/assignment-autotest/test/assignment2 ~/Projects/Coursera/assignment-1-felixdngrs
~/Projects/Coursera/assignment-1-felixdngrs/finder-app ~/Projects/Coursera/assignment-1-felixdngrs/assignment-autotest/test/assignment2 ~/Projects/Coursera/assignment-1-felixdngrs
rm writer *.o
gcc -c writer.c
gcc -o writer writer.o
Using default value AELD_IS_FUN for string to write
Using default value 10 for number of files to write
Writing 10 files containing string AELD_IS_FUN to /tmp/aeld-data
/tmp/aeld-data created
Removing the old writer utility and compiling as a native application
rm writer *.o
gcc -c writer.c
gcc -o writer writer.o
[0;31mValidation Error:finder-test.sh execution failed with return code 1[0m
Validation failed with error list :finder-test.sh execution failed with return code 1
Test of assignment assignment2 failed with rc=1
Running test with user felix
CMake Deprecation Warning at CMakeLists.txt:1 (cmake_minimum_required):
  Compatibility with CMake < 3.5 will be removed from a future version of
  CMake.

  Update the VERSION argument <min> value or use a ...<max> suffix to tell
  CMake that the project does not need compatibility with older versions.


CMake Deprecation Warning at assignment-autotest/CMakeLists.txt:13 (cmake_minimum_required):
  Compatibility with CMake < 3.5 will be removed from a future version of
  CMake.

  Update the VERSION argument <min> value or use a ...<max> suffix to tell
  CMake that the project does not need compatibility with older versions.


CMake Deprecation Warning at assignment-autotest/Unity/CMakeLists.txt:11 (cmake_minimum_required):
  Compatibility with CMake < 3.5 will be removed from a future version of
  CMake.

  Update the VERSION argument <min> value or use a ...<max> suffix to tell
  CMake that the project does not need compatibility with older versions.


CMake Deprecation Warning at assignment-autotest/Unity/src/CMakeLists.txt:11 (cmake_minimum_required):
  Compatibility with CMake < 3.5 will be removed from a future version of
  CMake.

  Update the VERSION argument <min> value or use a ...<max> suffix to tell
  CMake that the project does not need compatibility with older versions.


-- Generating ;/home/felix/Projects/Coursera/assignment-1-felixdngrs/assignment-autotest/test/assignment1/Test_hello_Runner.c;/home/felix/Projects/Coursera/assignment-1-felixdngrs/assignment-autotest/test/assignment1/Test_assignment_validate_Runner.c from test/assignment1/Test_hello.c;test/assignment1/Test_assignment_validate.c
-- Building executable including ;/home/felix/Projects/Coursera/assignment-1-felixdngrs/assignment-autotest/test/assignment1/Test_hello_Runner.c;/home/felix/Projects/Coursera/assignment-1-felixdngrs/assignment-autotest/test/assignment1/Test_assignment_validate_Runner.c test/assignment1/Test_hello.c;test/assignment1/Test_assignment_validate.c and ../examples/autotest-validate/autotest-validate.c
-- Configuring done (0.1s)
-- Generating done (0.1s)
-- Build files have been written to: /home/felix/Projects/Coursera/assignment-1-felixdngrs/build
[ 10%] Building C object assignment-autotest/Unity/src/CMakeFiles/unity.dir/unity.c.o
[ 20%] Linking C static library libunity.a
[ 20%] Built target unity
[ 30%] Generating /home/felix/Projects/Coursera/assignment-1-felixdngrs/assignment-autotest/test/assignment1/Test_hello_Runner.c, /home/felix/Projects/Coursera/assignment-1-felixdngrs/assignment-autotest/test/assignment1/Test_assignment_validate_Runner.c, /home/felix/Projects/Coursera/assignment-1-felixdngrs/assignment-autotest/test/unity_runner.c
Test files for auto dependency generation test/assignment1/Test_hello.c test/assignment1/Test_assignment_validate.c
Autogenerating runner for test/assignment1/Test_hello.c
/home/felix/Projects/Coursera/assignment-1-felixdngrs/assignment-autotest/Unity/auto/generate_test_runner.rb:344: warning: Passing safe_level with the 2nd argument of ERB.new is deprecated. Do not use it, and specify other arguments as keyword arguments.
/home/felix/Projects/Coursera/assignment-1-felixdngrs/assignment-autotest/Unity/auto/generate_test_runner.rb:344: warning: Passing trim_mode with the 3rd argument of ERB.new is deprecated. Use keyword argument like ERB.new(str, trim_mode: ...) instead.
Autogenerating runner for test/assignment1/Test_assignment_validate.c
/home/felix/Projects/Coursera/assignment-1-felixdngrs/assignment-autotest/Unity/auto/generate_test_runner.rb:344: warning: Passing safe_level with the 2nd argument of ERB.new is deprecated. Do not use it, and specify other arguments as keyword arguments.
/home/felix/Projects/Coursera/assignment-1-felixdngrs/assignment-autotest/Unity/auto/generate_test_runner.rb:344: warning: Passing trim_mode with the 3rd argument of ERB.new is deprecated. Use keyword argument like ERB.new(str, trim_mode: ...) instead.
Autogenerating test/unity_runner.c
[ 40%] Building C object assignment-autotest/CMakeFiles/assignment-autotest.dir/test/assignment1/Test_hello.c.o
[ 50%] Building C object assignment-autotest/CMakeFiles/assignment-autotest.dir/test/assignment1/Test_assignment_validate.c.o
[ 60%] Building C object assignment-autotest/CMakeFiles/assignment-autotest.dir/test/assignment1/Test_hello_Runner.c.o
[ 70%] Building C object assignment-autotest/CMakeFiles/assignment-autotest.dir/test/assignment1/Test_assignment_validate_Runner.c.o
[ 80%] Building C object assignment-autotest/CMakeFiles/assignment-autotest.dir/__/examples/autotest-validate/autotest-validate.c.o
[ 90%] Building C object assignment-autotest/CMakeFiles/assignment-autotest.dir/test/unity_runner.c.o
[100%] Linking C executable assignment-autotest
[100%] Built target assignment-autotest
/home/felix/Projects/Coursera/assignment-1-felixdngrs/assignment-autotest/test/assignment1/Test_hello.c:6:test_hello:INFO: Hello!  Your unity setup is working!
/home/felix/Projects/Coursera/assignment-1-felixdngrs/assignment-autotest/test/assignment1/Test_hello.c:4:test_hello:PASS

-----------------------
1 Tests 0 Failures 0 Ignored 
OK
/home/felix/Projects/Coursera/assignment-1-felixdngrs/assignment-autotest/test/assignment1/Test_assignment_validate.c:9:test_assignment_validate:PASS

-----------------------
1 Tests 0 Failures 0 Ignored 
OK
Executing assignment test script
~/Projects/Coursera/assignment-1-felixdngrs/assignment-autotest/test/assignment2 ~/Projects/Coursera/assignment-1-felixdngrs
~/Projects/Coursera/assignment-1-felixdngrs/finder-app ~/Projects/Coursera/assignment-1-felixdngrs/assignment-autotest/test/assignment2 ~/Projects/Coursera/assignment-1-felixdngrs
rm writer *.o
gcc -c writer.c
writer.c: In function ‘main’:
writer.c:52:59: error: expected ‘;’ before ‘return’
   52 |         fprintf(stderr, "EXIT_SUCCESS = %d", EXIT_SUCCESS)
      |                                                           ^
      |                                                           ;
   53 |         return EXIT_SUCCESS;
      |         ~~~~~~                                             
make: *** [Makefile:10: writer.o] Error 1
./assignment-autotest/test/assignment2/assignment-test.sh: line 13: ./writer: No such file or directory
[0;31mValidation Error:writer should have exited with return value 1 if no parameters were specified[0m
./assignment-autotest/test/assignment2/assignment-test.sh: line 19: ./writer: No such file or directory
[0;31mValidation Error:writer should have exited with return value 1 if write string is not specified[0m
Using default value AELD_IS_FUN for string to write
Using default value 10 for number of files to write
Writing 10 files containing string AELD_IS_FUN to /tmp/aeld-data
/tmp/aeld-data created
Removing the old writer utility and compiling as a native application
rm writer *.o
rm: cannot remove 'writer': No such file or directory
rm: cannot remove '*.o': No such file or directory
make: *** [Makefile:13: clean] Error 1
[0;31mValidation Error:finder-test.sh execution failed with return code 2[0m
Validation failed with error list :writer should have exited with return value 1 if no parameters were specified:writer should have exited with return value 1 if write string is not specified:finder-test.sh execution failed with return code 2
Test of assignment assignment2 failed with rc=1
Running test with user felix
CMake Deprecation Warning at CMakeLists.txt:1 (cmake_minimum_required):
  Compatibility with CMake < 3.5 will be removed from a future version of
  CMake.

  Update the VERSION argument <min> value or use a ...<max> suffix to tell
  CMake that the project does not need compatibility with older versions.


CMake Deprecation Warning at assignment-autotest/CMakeLists.txt:13 (cmake_minimum_required):
  Compatibility with CMake < 3.5 will be removed from a future version of
  CMake.

  Update the VERSION argument <min> value or use a ...<max> suffix to tell
  CMake that the project does not need compatibility with older versions.


CMake Deprecation Warning at assignment-autotest/Unity/CMakeLists.txt:11 (cmake_minimum_required):
  Compatibility with CMake < 3.5 will be removed from a future version of
  CMake.

  Update the VERSION argument <min> value or use a ...<max> suffix to tell
  CMake that the project does not need compatibility with older versions.


CMake Deprecation Warning at assignment-autotest/Unity/src/CMakeLists.txt:11 (cmake_minimum_required):
  Compatibility with CMake < 3.5 will be removed from a future version of
  CMake.

  Update the VERSION argument <min> value or use a ...<max> suffix to tell
  CMake that the project does not need compatibility with older versions.


-- Generating ;/home/felix/Projects/Coursera/assignment-1-felixdngrs/assignment-autotest/test/assignment1/Test_hello_Runner.c;/home/felix/Projects/Coursera/assignment-1-felixdngrs/assignment-autotest/test/assignment1/Test_assignment_validate_Runner.c from test/assignment1/Test_hello.c;test/assignment1/Test_assignment_validate.c
-- Building executable including ;/home/felix/Projects/Coursera/assignment-1-felixdngrs/assignment-autotest/test/assignment1/Test_hello_Runner.c;/home/felix/Projects/Coursera/assignment-1-felixdngrs/assignment-autotest/test/assignment1/Test_assignment_validate_Runner.c test/assignment1/Test_hello.c;test/assignment1/Test_assignment_validate.c and ../examples/autotest-validate/autotest-validate.c
-- Configuring done (0.1s)
-- Generating done (0.1s)
-- Build files have been written to: /home/felix/Projects/Coursera/assignment-1-felixdngrs/build
[ 10%] Building C object assignment-autotest/Unity/src/CMakeFiles/unity.dir/unity.c.o
[ 20%] Linking C static library libunity.a
[ 20%] Built target unity
[ 30%] Generating /home/felix/Projects/Coursera/assignment-1-felixdngrs/assignment-autotest/test/assignment1/Test_hello_Runner.c, /home/felix/Projects/Coursera/assignment-1-felixdngrs/assignment-autotest/test/assignment1/Test_assignment_validate_Runner.c, /home/felix/Projects/Coursera/assignment-1-felixdngrs/assignment-autotest/test/unity_runner.c
Test files for auto dependency generation test/assignment1/Test_hello.c test/assignment1/Test_assignment_validate.c
Autogenerating runner for test/assignment1/Test_hello.c
/home/felix/Projects/Coursera/assignment-1-felixdngrs/assignment-autotest/Unity/auto/generate_test_runner.rb:344: warning: Passing safe_level with the 2nd argument of ERB.new is deprecated. Do not use it, and specify other arguments as keyword arguments.
/home/felix/Projects/Coursera/assignment-1-felixdngrs/assignment-autotest/Unity/auto/generate_test_runner.rb:344: warning: Passing trim_mode with the 3rd argument of ERB.new is deprecated. Use keyword argument like ERB.new(str, trim_mode: ...) instead.
Autogenerating runner for test/assignment1/Test_assignment_validate.c
/home/felix/Projects/Coursera/assignment-1-felixdngrs/assignment-autotest/Unity/auto/generate_test_runner.rb:344: warning: Passing safe_level with the 2nd argument of ERB.new is deprecated. Do not use it, and specify other arguments as keyword arguments.
/home/felix/Projects/Coursera/assignment-1-felixdngrs/assignment-autotest/Unity/auto/generate_test_runner.rb:344: warning: Passing trim_mode with the 3rd argument of ERB.new is deprecated. Use keyword argument like ERB.new(str, trim_mode: ...) instead.
Autogenerating test/unity_runner.c
[ 40%] Building C object assignment-autotest/CMakeFiles/assignment-autotest.dir/test/assignment1/Test_hello.c.o
[ 50%] Building C object assignment-autotest/CMakeFiles/assignment-autotest.dir/test/assignment1/Test_assignment_validate.c.o
[ 60%] Building C object assignment-autotest/CMakeFiles/assignment-autotest.dir/test/assignment1/Test_hello_Runner.c.o
[ 70%] Building C object assignment-autotest/CMakeFiles/assignment-autotest.dir/test/assignment1/Test_assignment_validate_Runner.c.o
[ 80%] Building C object assignment-autotest/CMakeFiles/assignment-autotest.dir/__/examples/autotest-validate/autotest-validate.c.o
[ 90%] Building C object assignment-autotest/CMakeFiles/assignment-autotest.dir/test/unity_runner.c.o
[100%] Linking C executable assignment-autotest
[100%] Built target assignment-autotest
/home/felix/Projects/Coursera/assignment-1-felixdngrs/assignment-autotest/test/assignment1/Test_hello.c:6:test_hello:INFO: Hello!  Your unity setup is working!
/home/felix/Projects/Coursera/assignment-1-felixdngrs/assignment-autotest/test/assignment1/Test_hello.c:4:test_hello:PASS

-----------------------
1 Tests 0 Failures 0 Ignored 
OK
/home/felix/Projects/Coursera/assignment-1-felixdngrs/assignment-autotest/test/assignment1/Test_assignment_validate.c:9:test_assignment_validate:PASS

-----------------------
1 Tests 0 Failures 0 Ignored 
OK
Executing assignment test script
~/Projects/Coursera/assignment-1-felixdngrs/assignment-autotest/test/assignment2 ~/Projects/Coursera/assignment-1-felixdngrs
~/Projects/Coursera/assignment-1-felixdngrs/finder-app ~/Projects/Coursera/assignment-1-felixdngrs/assignment-autotest/test/assignment2 ~/Projects/Coursera/assignment-1-felixdngrs
rm writer *.o
rm: cannot remove 'writer': No such file or directory
rm: cannot remove '*.o': No such file or directory
make: *** [Makefile:13: clean] Error 1
gcc -c writer.c
gcc -o writer writer.o
Using default value AELD_IS_FUN for string to write
Using default value 10 for number of files to write
Writing 10 files containing string AELD_IS_FUN to /tmp/aeld-data
/tmp/aeld-data created
Removing the old writer utility and compiling as a native application
rm writer *.o
gcc -c writer.c
gcc -o writer writer.o
[0;31mValidation Error:finder-test.sh execution failed with return code 1[0m
Validation failed with error list :finder-test.sh execution failed with return code 1
Test of assignment assignment2 failed with rc=1
Running test with user felix
CMake Deprecation Warning at CMakeLists.txt:1 (cmake_minimum_required):
  Compatibility with CMake < 3.5 will be removed from a future version of
  CMake.

  Update the VERSION argument <min> value or use a ...<max> suffix to tell
  CMake that the project does not need compatibility with older versions.


CMake Deprecation Warning at assignment-autotest/CMakeLists.txt:13 (cmake_minimum_required):
  Compatibility with CMake < 3.5 will be removed from a future version of
  CMake.

  Update the VERSION argument <min> value or use a ...<max> suffix to tell
  CMake that the project does not need compatibility with older versions.


CMake Deprecation Warning at assignment-autotest/Unity/CMakeLists.txt:11 (cmake_minimum_required):
  Compatibility with CMake < 3.5 will be removed from a future version of
  CMake.

  Update the VERSION argument <min> value or use a ...<max> suffix to tell
  CMake that the project does not need compatibility with older versions.


CMake Deprecation Warning at assignment-autotest/Unity/src/CMakeLists.txt:11 (cmake_minimum_required):
  Compatibility with CMake < 3.5 will be removed from a future version of
  CMake.

  Update the VERSION argument <min> value or use a ...<max> suffix to tell
  CMake that the project does not need compatibility with older versions.


-- Generating ;/home/felix/Projects/Coursera/assignment-1-felixdngrs/assignment-autotest/test/assignment1/Test_hello_Runner.c;/home/felix/Projects/Coursera/assignment-1-felixdngrs/assignment-autotest/test/assignment1/Test_assignment_validate_Runner.c from test/assignment1/Test_hello.c;test/assignment1/Test_assignment_validate.c
-- Building executable including ;/home/felix/Projects/Coursera/assignment-1-felixdngrs/assignment-autotest/test/assignment1/Test_hello_Runner.c;/home/felix/Projects/Coursera/assignment-1-felixdngrs/assignment-autotest/test/assignment1/Test_assignment_validate_Runner.c test/assignment1/Test_hello.c;test/assignment1/Test_assignment_validate.c and ../examples/autotest-validate/autotest-validate.c
-- Configuring done (0.1s)
-- Generating done (0.1s)
-- Build files have been written to: /home/felix/Projects/Coursera/assignment-1-felixdngrs/build
[ 10%] Building C object assignment-autotest/Unity/src/CMakeFiles/unity.dir/unity.c.o
[ 20%] Linking C static library libunity.a
[ 20%] Built target unity
[ 30%] Generating /home/felix/Projects/Coursera/assignment-1-felixdngrs/assignment-autotest/test/assignment1/Test_hello_Runner.c, /home/felix/Projects/Coursera/assignment-1-felixdngrs/assignment-autotest/test/assignment1/Test_assignment_validate_Runner.c, /home/felix/Projects/Coursera/assignment-1-felixdngrs/assignment-autotest/test/unity_runner.c
Test files for auto dependency generation test/assignment1/Test_hello.c test/assignment1/Test_assignment_validate.c
Autogenerating runner for test/assignment1/Test_hello.c
/home/felix/Projects/Coursera/assignment-1-felixdngrs/assignment-autotest/Unity/auto/generate_test_runner.rb:344: warning: Passing safe_level with the 2nd argument of ERB.new is deprecated. Do not use it, and specify other arguments as keyword arguments.
/home/felix/Projects/Coursera/assignment-1-felixdngrs/assignment-autotest/Unity/auto/generate_test_runner.rb:344: warning: Passing trim_mode with the 3rd argument of ERB.new is deprecated. Use keyword argument like ERB.new(str, trim_mode: ...) instead.
Autogenerating runner for test/assignment1/Test_assignment_validate.c
/home/felix/Projects/Coursera/assignment-1-felixdngrs/assignment-autotest/Unity/auto/generate_test_runner.rb:344: warning: Passing safe_level with the 2nd argument of ERB.new is deprecated. Do not use it, and specify other arguments as keyword arguments.
/home/felix/Projects/Coursera/assignment-1-felixdngrs/assignment-autotest/Unity/auto/generate_test_runner.rb:344: warning: Passing trim_mode with the 3rd argument of ERB.new is deprecated. Use keyword argument like ERB.new(str, trim_mode: ...) instead.
Autogenerating test/unity_runner.c
[ 40%] Building C object assignment-autotest/CMakeFiles/assignment-autotest.dir/test/assignment1/Test_hello.c.o
[ 50%] Building C object assignment-autotest/CMakeFiles/assignment-autotest.dir/test/assignment1/Test_assignment_validate.c.o
[ 60%] Building C object assignment-autotest/CMakeFiles/assignment-autotest.dir/test/assignment1/Test_hello_Runner.c.o
[ 70%] Building C object assignment-autotest/CMakeFiles/assignment-autotest.dir/test/assignment1/Test_assignment_validate_Runner.c.o
[ 80%] Building C object assignment-autotest/CMakeFiles/assignment-autotest.dir/__/examples/autotest-validate/autotest-validate.c.o
[ 90%] Building C object assignment-autotest/CMakeFiles/assignment-autotest.dir/test/unity_runner.c.o
[100%] Linking C executable assignment-autotest
[100%] Built target assignment-autotest
/home/felix/Projects/Coursera/assignment-1-felixdngrs/assignment-autotest/test/assignment1/Test_hello.c:6:test_hello:INFO: Hello!  Your unity setup is working!
/home/felix/Projects/Coursera/assignment-1-felixdngrs/assignment-autotest/test/assignment1/Test_hello.c:4:test_hello:PASS

-----------------------
1 Tests 0 Failures 0 Ignored 
OK
/home/felix/Projects/Coursera/assignment-1-felixdngrs/assignment-autotest/test/assignment1/Test_assignment_validate.c:9:test_assignment_validate:PASS

-----------------------
1 Tests 0 Failures 0 Ignored 
OK
Executing assignment test script
~/Projects/Coursera/assignment-1-felixdngrs/assignment-autotest/test/assignment2 ~/Projects/Coursera/assignment-1-felixdngrs
~/Projects/Coursera/assignment-1-felixdngrs/finder-app ~/Projects/Coursera/assignment-1-felixdngrs/assignment-autotest/test/assignment2 ~/Projects/Coursera/assignment-1-felixdngrs
rm writer *.o
gcc -c writer.c
gcc -o writer writer.o
Using default value AELD_IS_FUN for string to write
Using default value 10 for number of files to write
Writing 10 files containing string AELD_IS_FUN to /tmp/aeld-data
/tmp/aeld-data created
Removing the old writer utility and compiling as a native application
rm writer *.o
gcc -c writer.c
gcc -o writer writer.o
[0;31mValidation Error:finder-test.sh execution failed with return code 1[0m
Validation failed with error list :finder-test.sh execution failed with return code 1
Test of assignment assignment2 failed with rc=1
Running test with user felix
CMake Deprecation Warning at CMakeLists.txt:1 (cmake_minimum_required):
  Compatibility with CMake < 3.5 will be removed from a future version of
  CMake.

  Update the VERSION argument <min> value or use a ...<max> suffix to tell
  CMake that the project does not need compatibility with older versions.


-- The C compiler identification is GNU 13.3.0
-- The CXX compiler identification is GNU 13.3.0
-- Detecting C compiler ABI info
-- Detecting C compiler ABI info - done
-- Check for working C compiler: /usr/bin/cc - skipped
-- Detecting C compile features
-- Detecting C compile features - done
-- Detecting CXX compiler ABI info
-- Detecting CXX compiler ABI info - done
-- Check for working CXX compiler: /usr/bin/c++ - skipped
-- Detecting CXX compile features
-- Detecting CXX compile features - done
CMake Deprecation Warning at assignment-autotest/CMakeLists.txt:13 (cmake_minimum_required):
  Compatibility with CMake < 3.5 will be removed from a future version of
  CMake.

  Update the VERSION argument <min> value or use a ...<max> suffix to tell
  CMake that the project does not need compatibility with older versions.


CMake Deprecation Warning at assignment-autotest/Unity/CMakeLists.txt:11 (cmake_minimum_required):
  Compatibility with CMake < 3.5 will be removed from a future version of
  CMake.

  Update the VERSION argument <min> value or use a ...<max> suffix to tell
  CMake that the project does not need compatibility with older versions.


CMake Deprecation Warning at assignment-autotest/Unity/src/CMakeLists.txt:11 (cmake_minimum_required):
  Compatibility with CMake < 3.5 will be removed from a future version of
  CMake.

  Update the VERSION argument <min> value or use a ...<max> suffix to tell
  CMake that the project does not need compatibility with older versions.


-- Generating ;/home/felix/Projects/Coursera/assignment-1-felixdngrs/assignment-autotest/test/assignment1/Test_hello_Runner.c;/home/felix/Projects/Coursera/assignment-1-felixdngrs/assignment-autotest/test/assignment1/Test_assignment_validate_Runner.c from test/assignment1/Test_hello.c;test/assignment1/Test_assignment_validate.c
-- Building executable including ;/home/felix/Projects/Coursera/assignment-1-felixdngrs/assignment-autotest/test/assignment1/Test_hello_Runner.c;/home/felix/Projects/Coursera/assignment-1-felixdngrs/assignment-autotest/test/assignment1/Test_assignment_validate_Runner.c test/assignment1/Test_hello.c;test/assignment1/Test_assignment_validate.c and ../examples/autotest-validate/autotest-validate.c
-- Configuring done (3.2s)
-- Generating done (0.1s)
-- Build files have been written to: /home/felix/Projects/Coursera/assignment-1-felixdngrs/build
[ 10%] Building C object assignment-autotest/Unity/src/CMakeFiles/unity.dir/unity.c.o
[ 20%] Linking C static library libunity.a
[ 20%] Built target unity
[ 30%] Generating /home/felix/Projects/Coursera/assignment-1-felixdngrs/assignment-autotest/test/assignment1/Test_hello_Runner.c, /home/felix/Projects/Coursera/assignment-1-felixdngrs/assignment-autotest/test/assignment1/Test_assignment_validate_Runner.c, /home/felix/Projects/Coursera/assignment-1-felixdngrs/assignment-autotest/test/unity_runner.c
Test files for auto dependency generation test/assignment1/Test_hello.c test/assignment1/Test_assignment_validate.c
Autogenerating runner for test/assignment1/Test_hello.c
/home/felix/Projects/Coursera/assignment-1-felixdngrs/assignment-autotest/Unity/auto/generate_test_runner.rb:344: warning: Passing safe_level with the 2nd argument of ERB.new is deprecated. Do not use it, and specify other arguments as keyword arguments.
/home/felix/Projects/Coursera/assignment-1-felixdngrs/assignment-autotest/Unity/auto/generate_test_runner.rb:344: warning: Passing trim_mode with the 3rd argument of ERB.new is deprecated. Use keyword argument like ERB.new(str, trim_mode: ...) instead.
Autogenerating runner for test/assignment1/Test_assignment_validate.c
/home/felix/Projects/Coursera/assignment-1-felixdngrs/assignment-autotest/Unity/auto/generate_test_runner.rb:344: warning: Passing safe_level with the 2nd argument of ERB.new is deprecated. Do not use it, and specify other arguments as keyword arguments.
/home/felix/Projects/Coursera/assignment-1-felixdngrs/assignment-autotest/Unity/auto/generate_test_runner.rb:344: warning: Passing trim_mode with the 3rd argument of ERB.new is deprecated. Use keyword argument like ERB.new(str, trim_mode: ...) instead.
Autogenerating test/unity_runner.c
[ 40%] Building C object assignment-autotest/CMakeFiles/assignment-autotest.dir/test/assignment1/Test_hello.c.o
[ 50%] Building C object assignment-autotest/CMakeFiles/assignment-autotest.dir/test/assignment1/Test_assignment_validate.c.o
[ 60%] Building C object assignment-autotest/CMakeFiles/assignment-autotest.dir/test/assignment1/Test_hello_Runner.c.o
[ 70%] Building C object assignment-autotest/CMakeFiles/assignment-autotest.dir/test/assignment1/Test_assignment_validate_Runner.c.o
[ 80%] Building C object assignment-autotest/CMakeFiles/assignment-autotest.dir/__/examples/autotest-validate/autotest-validate.c.o
[ 90%] Building C object assignment-autotest/CMakeFiles/assignment-autotest.dir/test/unity_runner.c.o
[100%] Linking C executable assignment-autotest
[100%] Built target assignment-autotest
/home/felix/Projects/Coursera/assignment-1-felixdngrs/assignment-autotest/test/assignment1/Test_hello.c:6:test_hello:INFO: Hello!  Your unity setup is working!
/home/felix/Projects/Coursera/assignment-1-felixdngrs/assignment-autotest/test/assignment1/Test_hello.c:4:test_hello:PASS

-----------------------
1 Tests 0 Failures 0 Ignored 
OK
/home/felix/Projects/Coursera/assignment-1-felixdngrs/assignment-autotest/test/assignment1/Test_assignment_validate.c:9:test_assignment_validate:PASS

-----------------------
1 Tests 0 Failures 0 Ignored 
OK
Executing assignment test script
~/Projects/Coursera/assignment-1-felixdngrs/assignment-autotest/test/assignment2 ~/Projects/Coursera/assignment-1-felixdngrs
~/Projects/Coursera/assignment-1-felixdngrs/finder-app ~/Projects/Coursera/assignment-1-felixdngrs/assignment-autotest/test/assignment2 ~/Projects/Coursera/assignment-1-felixdngrs
rm writer *.o
gcc -c writer.c
gcc -o writer writer.o
Using default value AELD_IS_FUN for string to write
Using default value 10 for number of files to write
Writing 10 files containing string AELD_IS_FUN to /tmp/aeld-data
/tmp/aeld-data created
Removing the old writer utility and compiling as a native application
rm writer *.o
gcc -c writer.c
gcc -o writer writer.o
[0;31mValidation Error:finder-test.sh execution failed with return code 1[0m
Validation failed with error list :finder-test.sh execution failed with return code 1
Test of assignment assignment2 failed with rc=1
Running test with user felix
CMake Deprecation Warning at CMakeLists.txt:1 (cmake_minimum_required):
  Compatibility with CMake < 3.5 will be removed from a future version of
  CMake.

  Update the VERSION argument <min> value or use a ...<max> suffix to tell
  CMake that the project does not need compatibility with older versions.


CMake Deprecation Warning at assignment-autotest/CMakeLists.txt:13 (cmake_minimum_required):
  Compatibility with CMake < 3.5 will be removed from a future version of
  CMake.

  Update the VERSION argument <min> value or use a ...<max> suffix to tell
  CMake that the project does not need compatibility with older versions.


CMake Deprecation Warning at assignment-autotest/Unity/CMakeLists.txt:11 (cmake_minimum_required):
  Compatibility with CMake < 3.5 will be removed from a future version of
  CMake.

  Update the VERSION argument <min> value or use a ...<max> suffix to tell
  CMake that the project does not need compatibility with older versions.


CMake Deprecation Warning at assignment-autotest/Unity/src/CMakeLists.txt:11 (cmake_minimum_required):
  Compatibility with CMake < 3.5 will be removed from a future version of
  CMake.

  Update the VERSION argument <min> value or use a ...<max> suffix to tell
  CMake that the project does not need compatibility with older versions.


-- Generating ;/home/felix/Projects/Coursera/assignment-1-felixdngrs/assignment-autotest/test/assignment1/Test_hello_Runner.c;/home/felix/Projects/Coursera/assignment-1-felixdngrs/assignment-autotest/test/assignment1/Test_assignment_validate_Runner.c from test/assignment1/Test_hello.c;test/assignment1/Test_assignment_validate.c
-- Building executable including ;/home/felix/Projects/Coursera/assignment-1-felixdngrs/assignment-autotest/test/assignment1/Test_hello_Runner.c;/home/felix/Projects/Coursera/assignment-1-felixdngrs/assignment-autotest/test/assignment1/Test_assignment_validate_Runner.c test/assignment1/Test_hello.c;test/assignment1/Test_assignment_validate.c and ../examples/autotest-validate/autotest-validate.c
-- Configuring done (0.1s)
-- Generating done (0.1s)
-- Build files have been written to: /home/felix/Projects/Coursera/assignment-1-felixdngrs/build
[ 10%] Building C object assignment-autotest/Unity/src/CMakeFiles/unity.dir/unity.c.o
[ 20%] Linking C static library libunity.a
[ 20%] Built target unity
[ 30%] Generating /home/felix/Projects/Coursera/assignment-1-felixdngrs/assignment-autotest/test/assignment1/Test_hello_Runner.c, /home/felix/Projects/Coursera/assignment-1-felixdngrs/assignment-autotest/test/assignment1/Test_assignment_validate_Runner.c, /home/felix/Projects/Coursera/assignment-1-felixdngrs/assignment-autotest/test/unity_runner.c
Test files for auto dependency generation test/assignment1/Test_hello.c test/assignment1/Test_assignment_validate.c
Autogenerating runner for test/assignment1/Test_hello.c
/home/felix/Projects/Coursera/assignment-1-felixdngrs/assignment-autotest/Unity/auto/generate_test_runner.rb:344: warning: Passing safe_level with the 2nd argument of ERB.new is deprecated. Do not use it, and specify other arguments as keyword arguments.
/home/felix/Projects/Coursera/assignment-1-felixdngrs/assignment-autotest/Unity/auto/generate_test_runner.rb:344: warning: Passing trim_mode with the 3rd argument of ERB.new is deprecated. Use keyword argument like ERB.new(str, trim_mode: ...) instead.
Autogenerating runner for test/assignment1/Test_assignment_validate.c
/home/felix/Projects/Coursera/assignment-1-felixdngrs/assignment-autotest/Unity/auto/generate_test_runner.rb:344: warning: Passing safe_level with the 2nd argument of ERB.new is deprecated. Do not use it, and specify other arguments as keyword arguments.
/home/felix/Projects/Coursera/assignment-1-felixdngrs/assignment-autotest/Unity/auto/generate_test_runner.rb:344: warning: Passing trim_mode with the 3rd argument of ERB.new is deprecated. Use keyword argument like ERB.new(str, trim_mode: ...) instead.
Autogenerating test/unity_runner.c
[ 40%] Building C object assignment-autotest/CMakeFiles/assignment-autotest.dir/test/assignment1/Test_hello.c.o
[ 50%] Building C object assignment-autotest/CMakeFiles/assignment-autotest.dir/test/assignment1/Test_assignment_validate.c.o
[ 60%] Building C object assignment-autotest/CMakeFiles/assignment-autotest.dir/test/assignment1/Test_hello_Runner.c.o
[ 70%] Building C object assignment-autotest/CMakeFiles/assignment-autotest.dir/test/assignment1/Test_assignment_validate_Runner.c.o
[ 80%] Building C object assignment-autotest/CMakeFiles/assignment-autotest.dir/__/examples/autotest-validate/autotest-validate.c.o
[ 90%] Building C object assignment-autotest/CMakeFiles/assignment-autotest.dir/test/unity_runner.c.o
[100%] Linking C executable assignment-autotest
[100%] Built target assignment-autotest
/home/felix/Projects/Coursera/assignment-1-felixdngrs/assignment-autotest/test/assignment1/Test_hello.c:6:test_hello:INFO: Hello!  Your unity setup is working!
/home/felix/Projects/Coursera/assignment-1-felixdngrs/assignment-autotest/test/assignment1/Test_hello.c:4:test_hello:PASS

-----------------------
1 Tests 0 Failures 0 Ignored 
OK
/home/felix/Projects/Coursera/assignment-1-felixdngrs/assignment-autotest/test/assignment1/Test_assignment_validate.c:9:test_assignment_validate:PASS

-----------------------
1 Tests 0 Failures 0 Ignored 
OK
Executing assignment test script
~/Projects/Coursera/assignment-1-felixdngrs/assignment-autotest/test/assignment2 ~/Projects/Coursera/assignment-1-felixdngrs
~/Projects/Coursera/assignment-1-felixdngrs/finder-app ~/Projects/Coursera/assignment-1-felixdngrs/assignment-autotest/test/assignment2 ~/Projects/Coursera/assignment-1-felixdngrs
rm writer *.o
gcc -c writer.c
gcc -o writer writer.o
./writer[5493]: Error: couldn't open file with mode "a"
./writer[5494]: Error: couldn't open file with mode "a"
Using default value AELD_IS_FUN for string to write
Using default value 10 for number of files to write
Writing 10 files containing string AELD_IS_FUN to /tmp/aeld-data
/tmp/aeld-data created
Removing the old writer utility and compiling as a native application
rm writer *.o
gcc -c writer.c
gcc -o writer writer.o
./writer[5511]: Error: couldn't open file with mode "a"
[0;31mValidation Error:finder-test.sh execution failed with return code 1[0m
Validation failed with error list :finder-test.sh execution failed with return code 1
Test of assignment assignment2 failed with rc=1
Running test with user felix
CMake Deprecation Warning at CMakeLists.txt:1 (cmake_minimum_required):
  Compatibility with CMake < 3.5 will be removed from a future version of
  CMake.

  Update the VERSION argument <min> value or use a ...<max> suffix to tell
  CMake that the project does not need compatibility with older versions.


CMake Deprecation Warning at assignment-autotest/CMakeLists.txt:13 (cmake_minimum_required):
  Compatibility with CMake < 3.5 will be removed from a future version of
  CMake.

  Update the VERSION argument <min> value or use a ...<max> suffix to tell
  CMake that the project does not need compatibility with older versions.


CMake Deprecation Warning at assignment-autotest/Unity/CMakeLists.txt:11 (cmake_minimum_required):
  Compatibility with CMake < 3.5 will be removed from a future version of
  CMake.

  Update the VERSION argument <min> value or use a ...<max> suffix to tell
  CMake that the project does not need compatibility with older versions.


CMake Deprecation Warning at assignment-autotest/Unity/src/CMakeLists.txt:11 (cmake_minimum_required):
  Compatibility with CMake < 3.5 will be removed from a future version of
  CMake.

  Update the VERSION argument <min> value or use a ...<max> suffix to tell
  CMake that the project does not need compatibility with older versions.


-- Generating ;/home/felix/Projects/Coursera/assignment-1-felixdngrs/assignment-autotest/test/assignment1/Test_hello_Runner.c;/home/felix/Projects/Coursera/assignment-1-felixdngrs/assignment-autotest/test/assignment1/Test_assignment_validate_Runner.c from test/assignment1/Test_hello.c;test/assignment1/Test_assignment_validate.c
-- Building executable including ;/home/felix/Projects/Coursera/assignment-1-felixdngrs/assignment-autotest/test/assignment1/Test_hello_Runner.c;/home/felix/Projects/Coursera/assignment-1-felixdngrs/assignment-autotest/test/assignment1/Test_assignment_validate_Runner.c test/assignment1/Test_hello.c;test/assignment1/Test_assignment_validate.c and ../examples/autotest-validate/autotest-validate.c
-- Configuring done (0.1s)
-- Generating done (0.1s)
-- Build files have been written to: /home/felix/Projects/Coursera/assignment-1-felixdngrs/build
[ 10%] Building C object assignment-autotest/Unity/src/CMakeFiles/unity.dir/unity.c.o
[ 20%] Linking C static library libunity.a
[ 20%] Built target unity
[ 30%] Generating /home/felix/Projects/Coursera/assignment-1-felixdngrs/assignment-autotest/test/assignment1/Test_hello_Runner.c, /home/felix/Projects/Coursera/assignment-1-felixdngrs/assignment-autotest/test/assignment1/Test_assignment_validate_Runner.c, /home/felix/Projects/Coursera/assignment-1-felixdngrs/assignment-autotest/test/unity_runner.c
Test files for auto dependency generation test/assignment1/Test_hello.c test/assignment1/Test_assignment_validate.c
Autogenerating runner for test/assignment1/Test_hello.c
/home/felix/Projects/Coursera/assignment-1-felixdngrs/assignment-autotest/Unity/auto/generate_test_runner.rb:344: warning: Passing safe_level with the 2nd argument of ERB.new is deprecated. Do not use it, and specify other arguments as keyword arguments.
/home/felix/Projects/Coursera/assignment-1-felixdngrs/assignment-autotest/Unity/auto/generate_test_runner.rb:344: warning: Passing trim_mode with the 3rd argument of ERB.new is deprecated. Use keyword argument like ERB.new(str, trim_mode: ...) instead.
Autogenerating runner for test/assignment1/Test_assignment_validate.c
/home/felix/Projects/Coursera/assignment-1-felixdngrs/assignment-autotest/Unity/auto/generate_test_runner.rb:344: warning: Passing safe_level with the 2nd argument of ERB.new is deprecated. Do not use it, and specify other arguments as keyword arguments.
/home/felix/Projects/Coursera/assignment-1-felixdngrs/assignment-autotest/Unity/auto/generate_test_runner.rb:344: warning: Passing trim_mode with the 3rd argument of ERB.new is deprecated. Use keyword argument like ERB.new(str, trim_mode: ...) instead.
Autogenerating test/unity_runner.c
[ 40%] Building C object assignment-autotest/CMakeFiles/assignment-autotest.dir/test/assignment1/Test_hello.c.o
[ 50%] Building C object assignment-autotest/CMakeFiles/assignment-autotest.dir/test/assignment1/Test_assignment_validate.c.o
[ 60%] Building C object assignment-autotest/CMakeFiles/assignment-autotest.dir/test/assignment1/Test_hello_Runner.c.o
[ 70%] Building C object assignment-autotest/CMakeFiles/assignment-autotest.dir/test/assignment1/Test_assignment_validate_Runner.c.o
[ 80%] Building C object assignment-autotest/CMakeFiles/assignment-autotest.dir/__/examples/autotest-validate/autotest-validate.c.o
[ 90%] Building C object assignment-autotest/CMakeFiles/assignment-autotest.dir/test/unity_runner.c.o
[100%] Linking C executable assignment-autotest
[100%] Built target assignment-autotest
/home/felix/Projects/Coursera/assignment-1-felixdngrs/assignment-autotest/test/assignment1/Test_hello.c:6:test_hello:INFO: Hello!  Your unity setup is working!
/home/felix/Projects/Coursera/assignment-1-felixdngrs/assignment-autotest/test/assignment1/Test_hello.c:4:test_hello:PASS

-----------------------
1 Tests 0 Failures 0 Ignored 
OK
/home/felix/Projects/Coursera/assignment-1-felixdngrs/assignment-autotest/test/assignment1/Test_assignment_validate.c:9:test_assignment_validate:PASS

-----------------------
1 Tests 0 Failures 0 Ignored 
OK
Executing assignment test script
~/Projects/Coursera/assignment-1-felixdngrs/assignment-autotest/test/assignment2 ~/Projects/Coursera/assignment-1-felixdngrs
~/Projects/Coursera/assignment-1-felixdngrs/finder-app ~/Projects/Coursera/assignment-1-felixdngrs/assignment-autotest/test/assignment2 ~/Projects/Coursera/assignment-1-felixdngrs
rm writer *.o
gcc -c writer.c
gcc -o writer writer.o
./writer[5657]: Error: couldn't open file '(null)'
./writer[5658]: Error: couldn't open file ''
Using default value AELD_IS_FUN for string to write
Using default value 10 for number of files to write
Writing 10 files containing string AELD_IS_FUN to /tmp/aeld-data
/tmp/aeld-data created
Removing the old writer utility and compiling as a native application
rm writer *.o
gcc -c writer.c
gcc -o writer writer.o
./writer[5675]: Error: couldn't open file '/tmp/aeld-data'
[0;31mValidation Error:finder-test.sh execution failed with return code 1[0m
Validation failed with error list :finder-test.sh execution failed with return code 1
Test of assignment assignment2 failed with rc=1
Running test with user felix
CMake Deprecation Warning at CMakeLists.txt:1 (cmake_minimum_required):
  Compatibility with CMake < 3.5 will be removed from a future version of
  CMake.

  Update the VERSION argument <min> value or use a ...<max> suffix to tell
  CMake that the project does not need compatibility with older versions.


CMake Deprecation Warning at assignment-autotest/CMakeLists.txt:13 (cmake_minimum_required):
  Compatibility with CMake < 3.5 will be removed from a future version of
  CMake.

  Update the VERSION argument <min> value or use a ...<max> suffix to tell
  CMake that the project does not need compatibility with older versions.


CMake Deprecation Warning at assignment-autotest/Unity/CMakeLists.txt:11 (cmake_minimum_required):
  Compatibility with CMake < 3.5 will be removed from a future version of
  CMake.

  Update the VERSION argument <min> value or use a ...<max> suffix to tell
  CMake that the project does not need compatibility with older versions.


CMake Deprecation Warning at assignment-autotest/Unity/src/CMakeLists.txt:11 (cmake_minimum_required):
  Compatibility with CMake < 3.5 will be removed from a future version of
  CMake.

  Update the VERSION argument <min> value or use a ...<max> suffix to tell
  CMake that the project does not need compatibility with older versions.


-- Generating ;/home/felix/Projects/Coursera/assignment-1-felixdngrs/assignment-autotest/test/assignment1/Test_hello_Runner.c;/home/felix/Projects/Coursera/assignment-1-felixdngrs/assignment-autotest/test/assignment1/Test_assignment_validate_Runner.c from test/assignment1/Test_hello.c;test/assignment1/Test_assignment_validate.c
-- Building executable including ;/home/felix/Projects/Coursera/assignment-1-felixdngrs/assignment-autotest/test/assignment1/Test_hello_Runner.c;/home/felix/Projects/Coursera/assignment-1-felixdngrs/assignment-autotest/test/assignment1/Test_assignment_validate_Runner.c test/assignment1/Test_hello.c;test/assignment1/Test_assignment_validate.c and ../examples/autotest-validate/autotest-validate.c
-- Configuring done (0.1s)
-- Generating done (0.1s)
-- Build files have been written to: /home/felix/Projects/Coursera/assignment-1-felixdngrs/build
[ 10%] Building C object assignment-autotest/Unity/src/CMakeFiles/unity.dir/unity.c.o
[ 20%] Linking C static library libunity.a
[ 20%] Built target unity
[ 30%] Generating /home/felix/Projects/Coursera/assignment-1-felixdngrs/assignment-autotest/test/assignment1/Test_hello_Runner.c, /home/felix/Projects/Coursera/assignment-1-felixdngrs/assignment-autotest/test/assignment1/Test_assignment_validate_Runner.c, /home/felix/Projects/Coursera/assignment-1-felixdngrs/assignment-autotest/test/unity_runner.c
Test files for auto dependency generation test/assignment1/Test_hello.c test/assignment1/Test_assignment_validate.c
Autogenerating runner for test/assignment1/Test_hello.c
/home/felix/Projects/Coursera/assignment-1-felixdngrs/assignment-autotest/Unity/auto/generate_test_runner.rb:344: warning: Passing safe_level with the 2nd argument of ERB.new is deprecated. Do not use it, and specify other arguments as keyword arguments.
/home/felix/Projects/Coursera/assignment-1-felixdngrs/assignment-autotest/Unity/auto/generate_test_runner.rb:344: warning: Passing trim_mode with the 3rd argument of ERB.new is deprecated. Use keyword argument like ERB.new(str, trim_mode: ...) instead.
Autogenerating runner for test/assignment1/Test_assignment_validate.c
/home/felix/Projects/Coursera/assignment-1-felixdngrs/assignment-autotest/Unity/auto/generate_test_runner.rb:344: warning: Passing safe_level with the 2nd argument of ERB.new is deprecated. Do not use it, and specify other arguments as keyword arguments.
/home/felix/Projects/Coursera/assignment-1-felixdngrs/assignment-autotest/Unity/auto/generate_test_runner.rb:344: warning: Passing trim_mode with the 3rd argument of ERB.new is deprecated. Use keyword argument like ERB.new(str, trim_mode: ...) instead.
Autogenerating test/unity_runner.c
[ 40%] Building C object assignment-autotest/CMakeFiles/assignment-autotest.dir/test/assignment1/Test_hello.c.o
[ 50%] Building C object assignment-autotest/CMakeFiles/assignment-autotest.dir/test/assignment1/Test_assignment_validate.c.o
[ 60%] Building C object assignment-autotest/CMakeFiles/assignment-autotest.dir/test/assignment1/Test_hello_Runner.c.o
[ 70%] Building C object assignment-autotest/CMakeFiles/assignment-autotest.dir/test/assignment1/Test_assignment_validate_Runner.c.o
[ 80%] Building C object assignment-autotest/CMakeFiles/assignment-autotest.dir/__/examples/autotest-validate/autotest-validate.c.o
[ 90%] Building C object assignment-autotest/CMakeFiles/assignment-autotest.dir/test/unity_runner.c.o
[100%] Linking C executable assignment-autotest
[100%] Built target assignment-autotest
/home/felix/Projects/Coursera/assignment-1-felixdngrs/assignment-autotest/test/assignment1/Test_hello.c:6:test_hello:INFO: Hello!  Your unity setup is working!
/home/felix/Projects/Coursera/assignment-1-felixdngrs/assignment-autotest/test/assignment1/Test_hello.c:4:test_hello:PASS

-----------------------
1 Tests 0 Failures 0 Ignored 
OK
/home/felix/Projects/Coursera/assignment-1-felixdngrs/assignment-autotest/test/assignment1/Test_assignment_validate.c:9:test_assignment_validate:PASS

-----------------------
1 Tests 0 Failures 0 Ignored 
OK
Executing assignment test script
~/Projects/Coursera/assignment-1-felixdngrs/assignment-autotest/test/assignment2 ~/Projects/Coursera/assignment-1-felixdngrs
~/Projects/Coursera/assignment-1-felixdngrs/finder-app ~/Projects/Coursera/assignment-1-felixdngrs/assignment-autotest/test/assignment2 ~/Projects/Coursera/assignment-1-felixdngrs
rm writer *.o
gcc -c writer.c
gcc -o writer writer.o
./writer[5884]: Error: couldn't open file '(null)'
./writer[5885]: Error: couldn't open file ''
Using default value AELD_IS_FUN for string to write
Using default value 10 for number of files to write
Writing 10 files containing string AELD_IS_FUN to /tmp/aeld-data
/tmp/aeld-data created
Removing the old writer utility and compiling as a native application
rm writer *.o
gcc -c writer.c
gcc -o writer writer.o
./writer[5902]: Error: '/tmp/aeld-data' is a directory, not a file
[0;31mValidation Error:finder-test.sh execution failed with return code 1[0m
Validation failed with error list :finder-test.sh execution failed with return code 1
Test of assignment assignment2 failed with rc=1
Running test with user felix
CMake Deprecation Warning at CMakeLists.txt:1 (cmake_minimum_required):
  Compatibility with CMake < 3.5 will be removed from a future version of
  CMake.

  Update the VERSION argument <min> value or use a ...<max> suffix to tell
  CMake that the project does not need compatibility with older versions.


CMake Deprecation Warning at assignment-autotest/CMakeLists.txt:13 (cmake_minimum_required):
  Compatibility with CMake < 3.5 will be removed from a future version of
  CMake.

  Update the VERSION argument <min> value or use a ...<max> suffix to tell
  CMake that the project does not need compatibility with older versions.


CMake Deprecation Warning at assignment-autotest/Unity/CMakeLists.txt:11 (cmake_minimum_required):
  Compatibility with CMake < 3.5 will be removed from a future version of
  CMake.

  Update the VERSION argument <min> value or use a ...<max> suffix to tell
  CMake that the project does not need compatibility with older versions.


CMake Deprecation Warning at assignment-autotest/Unity/src/CMakeLists.txt:11 (cmake_minimum_required):
  Compatibility with CMake < 3.5 will be removed from a future version of
  CMake.

  Update the VERSION argument <min> value or use a ...<max> suffix to tell
  CMake that the project does not need compatibility with older versions.


-- Generating ;/home/felix/Projects/Coursera/assignment-1-felixdngrs/assignment-autotest/test/assignment1/Test_hello_Runner.c;/home/felix/Projects/Coursera/assignment-1-felixdngrs/assignment-autotest/test/assignment1/Test_assignment_validate_Runner.c from test/assignment1/Test_hello.c;test/assignment1/Test_assignment_validate.c
-- Building executable including ;/home/felix/Projects/Coursera/assignment-1-felixdngrs/assignment-autotest/test/assignment1/Test_hello_Runner.c;/home/felix/Projects/Coursera/assignment-1-felixdngrs/assignment-autotest/test/assignment1/Test_assignment_validate_Runner.c test/assignment1/Test_hello.c;test/assignment1/Test_assignment_validate.c and ../examples/autotest-validate/autotest-validate.c
-- Configuring done (0.1s)
-- Generating done (0.1s)
-- Build files have been written to: /home/felix/Projects/Coursera/assignment-1-felixdngrs/build
[ 10%] Building C object assignment-autotest/Unity/src/CMakeFiles/unity.dir/unity.c.o
[ 20%] Linking C static library libunity.a
[ 20%] Built target unity
[ 30%] Generating /home/felix/Projects/Coursera/assignment-1-felixdngrs/assignment-autotest/test/assignment1/Test_hello_Runner.c, /home/felix/Projects/Coursera/assignment-1-felixdngrs/assignment-autotest/test/assignment1/Test_assignment_validate_Runner.c, /home/felix/Projects/Coursera/assignment-1-felixdngrs/assignment-autotest/test/unity_runner.c
Test files for auto dependency generation test/assignment1/Test_hello.c test/assignment1/Test_assignment_validate.c
Autogenerating runner for test/assignment1/Test_hello.c
/home/felix/Projects/Coursera/assignment-1-felixdngrs/assignment-autotest/Unity/auto/generate_test_runner.rb:344: warning: Passing safe_level with the 2nd argument of ERB.new is deprecated. Do not use it, and specify other arguments as keyword arguments.
/home/felix/Projects/Coursera/assignment-1-felixdngrs/assignment-autotest/Unity/auto/generate_test_runner.rb:344: warning: Passing trim_mode with the 3rd argument of ERB.new is deprecated. Use keyword argument like ERB.new(str, trim_mode: ...) instead.
Autogenerating runner for test/assignment1/Test_assignment_validate.c
/home/felix/Projects/Coursera/assignment-1-felixdngrs/assignment-autotest/Unity/auto/generate_test_runner.rb:344: warning: Passing safe_level with the 2nd argument of ERB.new is deprecated. Do not use it, and specify other arguments as keyword arguments.
/home/felix/Projects/Coursera/assignment-1-felixdngrs/assignment-autotest/Unity/auto/generate_test_runner.rb:344: warning: Passing trim_mode with the 3rd argument of ERB.new is deprecated. Use keyword argument like ERB.new(str, trim_mode: ...) instead.
Autogenerating test/unity_runner.c
[ 40%] Building C object assignment-autotest/CMakeFiles/assignment-autotest.dir/test/assignment1/Test_hello.c.o
[ 50%] Building C object assignment-autotest/CMakeFiles/assignment-autotest.dir/test/assignment1/Test_assignment_validate.c.o
[ 60%] Building C object assignment-autotest/CMakeFiles/assignment-autotest.dir/test/assignment1/Test_hello_Runner.c.o
[ 70%] Building C object assignment-autotest/CMakeFiles/assignment-autotest.dir/test/assignment1/Test_assignment_validate_Runner.c.o
[ 80%] Building C object assignment-autotest/CMakeFiles/assignment-autotest.dir/__/examples/autotest-validate/autotest-validate.c.o
[ 90%] Building C object assignment-autotest/CMakeFiles/assignment-autotest.dir/test/unity_runner.c.o
[100%] Linking C executable assignment-autotest
[100%] Built target assignment-autotest
/home/felix/Projects/Coursera/assignment-1-felixdngrs/assignment-autotest/test/assignment1/Test_hello.c:6:test_hello:INFO: Hello!  Your unity setup is working!
/home/felix/Projects/Coursera/assignment-1-felixdngrs/assignment-autotest/test/assignment1/Test_hello.c:4:test_hello:PASS

-----------------------
1 Tests 0 Failures 0 Ignored 
OK
/home/felix/Projects/Coursera/assignment-1-felixdngrs/assignment-autotest/test/assignment1/Test_assignment_validate.c:9:test_assignment_validate:PASS

-----------------------
1 Tests 0 Failures 0 Ignored 
OK
Executing assignment test script
~/Projects/Coursera/assignment-1-felixdngrs/assignment-autotest/test/assignment2 ~/Projects/Coursera/assignment-1-felixdngrs
~/Projects/Coursera/assignment-1-felixdngrs/finder-app ~/Projects/Coursera/assignment-1-felixdngrs/assignment-autotest/test/assignment2 ~/Projects/Coursera/assignment-1-felixdngrs
rm writer *.o
gcc -c writer.c
gcc -o writer writer.o
./writer[6108]: Error: couldn't open file '(null)'
./writer[6109]: Error: couldn't open file ''
Using default value AELD_IS_FUN for string to write
Using default value 10 for number of files to write
Writing 10 files containing string AELD_IS_FUN to /tmp/aeld-data
/tmp/aeld-data created
Removing the old writer utility and compiling as a native application
rm writer *.o
gcc -c writer.c
gcc -o writer writer.o
./writer[6126]: Writing 'AELD_IS_FUN' to /tmp/aeld-data/felixdngrs1.txt
./writer[6127]: Writing 'AELD_IS_FUN' to /tmp/aeld-data/felixdngrs2.txt
./writer[6128]: Writing 'AELD_IS_FUN' to /tmp/aeld-data/felixdngrs3.txt
./writer[6129]: Writing 'AELD_IS_FUN' to /tmp/aeld-data/felixdngrs4.txt
./writer[6130]: Writing 'AELD_IS_FUN' to /tmp/aeld-data/felixdngrs5.txt
./writer[6131]: Writing 'AELD_IS_FUN' to /tmp/aeld-data/felixdngrs6.txt
./writer[6132]: Writing 'AELD_IS_FUN' to /tmp/aeld-data/felixdngrs7.txt
./writer[6133]: Writing 'AELD_IS_FUN' to /tmp/aeld-data/felixdngrs8.txt
./writer[6134]: Writing 'AELD_IS_FUN' to /tmp/aeld-data/felixdngrs9.txt
./writer[6135]: Writing 'AELD_IS_FUN' to /tmp/aeld-data/felixdngrs10.txt
The number of files are 10 and the number of matching lines are 10
success
Test of assignment assignment2 complete with success
Running test with user felix
CMake Deprecation Warning at CMakeLists.txt:1 (cmake_minimum_required):
  Compatibility with CMake < 3.5 will be removed from a future version of
  CMake.

  Update the VERSION argument <min> value or use a ...<max> suffix to tell
  CMake that the project does not need compatibility with older versions.


CMake Deprecation Warning at assignment-autotest/CMakeLists.txt:13 (cmake_minimum_required):
  Compatibility with CMake < 3.5 will be removed from a future version of
  CMake.

  Update the VERSION argument <min> value or use a ...<max> suffix to tell
  CMake that the project does not need compatibility with older versions.


CMake Deprecation Warning at assignment-autotest/Unity/CMakeLists.txt:11 (cmake_minimum_required):
  Compatibility with CMake < 3.5 will be removed from a future version of
  CMake.

  Update the VERSION argument <min> value or use a ...<max> suffix to tell
  CMake that the project does not need compatibility with older versions.


CMake Deprecation Warning at assignment-autotest/Unity/src/CMakeLists.txt:11 (cmake_minimum_required):
  Compatibility with CMake < 3.5 will be removed from a future version of
  CMake.

  Update the VERSION argument <min> value or use a ...<max> suffix to tell
  CMake that the project does not need compatibility with older versions.


-- Generating ;/home/felix/Projects/Coursera/assignment-1-felixdngrs/assignment-autotest/test/assignment1/Test_hello_Runner.c;/home/felix/Projects/Coursera/assignment-1-felixdngrs/assignment-autotest/test/assignment1/Test_assignment_validate_Runner.c;/home/felix/Projects/Coursera/assignment-1-felixdngrs/assignment-autotest/test/assignment3/Test_systemcalls_Runner.c from test/assignment1/Test_hello.c;test/assignment1/Test_assignment_validate.c;test/assignment3/Test_systemcalls.c
-- Building executable including ;/home/felix/Projects/Coursera/assignment-1-felixdngrs/assignment-autotest/test/assignment1/Test_hello_Runner.c;/home/felix/Projects/Coursera/assignment-1-felixdngrs/assignment-autotest/test/assignment1/Test_assignment_validate_Runner.c;/home/felix/Projects/Coursera/assignment-1-felixdngrs/assignment-autotest/test/assignment3/Test_systemcalls_Runner.c test/assignment1/Test_hello.c;test/assignment1/Test_assignment_validate.c;test/assignment3/Test_systemcalls.c and ../examples/autotest-validate/autotest-validate.c;../examples/systemcalls/systemcalls.c
-- Configuring done (0.1s)
-- Generating done (0.1s)
-- Build files have been written to: /home/felix/Projects/Coursera/assignment-1-felixdngrs/build
[  7%] Building C object assignment-autotest/Unity/src/CMakeFiles/unity.dir/unity.c.o
[ 15%] Linking C static library libunity.a
[ 15%] Built target unity
[ 23%] Generating /home/felix/Projects/Coursera/assignment-1-felixdngrs/assignment-autotest/test/assignment1/Test_hello_Runner.c, /home/felix/Projects/Coursera/assignment-1-felixdngrs/assignment-autotest/test/assignment1/Test_assignment_validate_Runner.c, /home/felix/Projects/Coursera/assignment-1-felixdngrs/assignment-autotest/test/assignment3/Test_systemcalls_Runner.c, /home/felix/Projects/Coursera/assignment-1-felixdngrs/assignment-autotest/test/unity_runner.c
Test files for auto dependency generation test/assignment1/Test_hello.c test/assignment1/Test_assignment_validate.c test/assignment3/Test_systemcalls.c
Autogenerating runner for test/assignment1/Test_hello.c
/home/felix/Projects/Coursera/assignment-1-felixdngrs/assignment-autotest/Unity/auto/generate_test_runner.rb:344: warning: Passing safe_level with the 2nd argument of ERB.new is deprecated. Do not use it, and specify other arguments as keyword arguments.
/home/felix/Projects/Coursera/assignment-1-felixdngrs/assignment-autotest/Unity/auto/generate_test_runner.rb:344: warning: Passing trim_mode with the 3rd argument of ERB.new is deprecated. Use keyword argument like ERB.new(str, trim_mode: ...) instead.
Autogenerating runner for test/assignment1/Test_assignment_validate.c
/home/felix/Projects/Coursera/assignment-1-felixdngrs/assignment-autotest/Unity/auto/generate_test_runner.rb:344: warning: Passing safe_level with the 2nd argument of ERB.new is deprecated. Do not use it, and specify other arguments as keyword arguments.
/home/felix/Projects/Coursera/assignment-1-felixdngrs/assignment-autotest/Unity/auto/generate_test_runner.rb:344: warning: Passing trim_mode with the 3rd argument of ERB.new is deprecated. Use keyword argument like ERB.new(str, trim_mode: ...) instead.
Autogenerating runner for test/assignment3/Test_systemcalls.c
/home/felix/Projects/Coursera/assignment-1-felixdngrs/assignment-autotest/Unity/auto/generate_test_runner.rb:344: warning: Passing safe_level with the 2nd argument of ERB.new is deprecated. Do not use it, and specify other arguments as keyword arguments.
/home/felix/Projects/Coursera/assignment-1-felixdngrs/assignment-autotest/Unity/auto/generate_test_runner.rb:344: warning: Passing trim_mode with the 3rd argument of ERB.new is deprecated. Use keyword argument like ERB.new(str, trim_mode: ...) instead.
Autogenerating test/unity_runner.c
[ 30%] Building C object assignment-autotest/CMakeFiles/assignment-autotest.dir/test/assignment1/Test_hello.c.o
[ 38%] Building C object assignment-autotest/CMakeFiles/assignment-autotest.dir/test/assignment1/Test_assignment_validate.c.o
[ 46%] Building C object assignment-autotest/CMakeFiles/assignment-autotest.dir/test/assignment3/Test_systemcalls.c.o
[ 53%] Building C object assignment-autotest/CMakeFiles/assignment-autotest.dir/test/assignment1/Test_hello_Runner.c.o
[ 61%] Building C object assignment-autotest/CMakeFiles/assignment-autotest.dir/test/assignment1/Test_assignment_validate_Runner.c.o
[ 69%] Building C object assignment-autotest/CMakeFiles/assignment-autotest.dir/test/assignment3/Test_systemcalls_Runner.c.o
[ 76%] Building C object assignment-autotest/CMakeFiles/assignment-autotest.dir/__/examples/autotest-validate/autotest-validate.c.o
[ 84%] Building C object assignment-autotest/CMakeFiles/assignment-autotest.dir/__/examples/systemcalls/systemcalls.c.o
[ 92%] Building C object assignment-autotest/CMakeFiles/assignment-autotest.dir/test/unity_runner.c.o
[100%] Linking C executable assignment-autotest
[100%] Built target assignment-autotest
/home/felix/Projects/Coursera/assignment-1-felixdngrs/assignment-autotest/test/assignment1/Test_hello.c:6:test_hello:INFO: Hello!  Your unity setup is working!
/home/felix/Projects/Coursera/assignment-1-felixdngrs/assignment-autotest/test/assignment1/Test_hello.c:4:test_hello:PASS

-----------------------
1 Tests 0 Failures 0 Ignored 
OK
/home/felix/Projects/Coursera/assignment-1-felixdngrs/assignment-autotest/test/assignment1/Test_assignment_validate.c:9:test_assignment_validate:PASS

-----------------------
1 Tests 0 Failures 0 Ignored 
OK
Running tests at /home/felix/Projects/Coursera/assignment-1-felixdngrs/assignment-autotest/test/assignment3/Test_systemcalls.c : function test_systemcalls
Remove trailing newline
Read this is a test from testfile.txt
system() echo this is a test returned this is a test
Remove trailing newline
Read home is /home/felix from testfile.txt
system() echo home is $HOME returned: home is /home/felix
/home/felix/Projects/Coursera/assignment-1-felixdngrs/assignment-autotest/test/assignment3/Test_systemcalls.c:28:test_systemcalls:PASS
Running tests at /home/felix/Projects/Coursera/assignment-1-felixdngrs/assignment-autotest/test/assignment3/Test_systemcalls.c : function test_exec_calls
/home/felix/Projects/Coursera/assignment-1-felixdngrs/assignment-autotest/test/assignment3/Test_systemcalls.c:58:test_exec_calls:PASS
Running tests at /home/felix/Projects/Coursera/assignment-1-felixdngrs/assignment-autotest/test/assignment3/Test_systemcalls.c : function test_exec_redirect_calls
Remove trailing newline
Read home is /home/felix from testfile.txt
execv /bin/sh -c echo home is $HOME returned home is /home/felix
Remove trailing newline
Read home is $HOME from testfile.txt
execv /bin/echo home is $HOME returned home is $HOME
/home/felix/Projects/Coursera/assignment-1-felixdngrs/assignment-autotest/test/assignment3/Test_systemcalls.c:72:test_exec_redirect_calls:PASS

-----------------------
3 Tests 0 Failures 0 Ignored 
OK
Executing assignment test script
~/Projects/Coursera/assignment-1-felixdngrs/assignment-autotest/test/assignment3 ~/Projects/Coursera/assignment-1-felixdngrs
starting test with SKIP_BUILD  and DO_VALIDATE 
~/Projects/Coursera/assignment-1-felixdngrs/finder-app ~/Projects/Coursera/assignment-1-felixdngrs/assignment-autotest/test/assignment3 ~/Projects/Coursera/assignment-1-felixdngrs
Using passed directory /tmp/aesd-autograder for output
CLONING GIT LINUX STABLE VERSION v5.1.10 IN /tmp/aesd-autograder
Cloning into 'linux-stable'...
Note: switching to '7e1bdd68ffeecb9ef476f87b791b61910e8c853c'.

You are in 'detached HEAD' state. You can look around, make experimental
changes and commit them, and you can discard any commits you make in this
state without impacting any branches by switching back to a branch.

If you want to create a new branch to retain commits you create, you may
do so (now or later) by using -c with the switch command. Example:

  git switch -c <new-branch-name>

Or undo this operation with:

  git switch -

Turn off this advice by setting config variable advice.detachedHead to false

Updating files:   2% (1676/63878)Updating files:   3% (1917/63878)Updating files:   4% (2556/63878)Updating files:   5% (3194/63878)Updating files:   5% (3739/63878)Updating files:   6% (3833/63878)Updating files:   7% (4472/63878)Updating files:   8% (5111/63878)Updating files:   8% (5321/63878)Updating files:   9% (5750/63878)Updating files:  10% (6388/63878)Updating files:  10% (6402/63878)Updating files:  11% (7027/63878)Updating files:  12% (7666/63878)Updating files:  12% (7930/63878)Updating files:  13% (8305/63878)Updating files:  14% (8943/63878)Updating files:  15% (9582/63878)Updating files:  15% (9642/63878)Updating files:  16% (10221/63878)Updating files:  17% (10860/63878)Updating files:  17% (11183/63878)Updating files:  18% (11499/63878)Updating files:  19% (12137/63878)Updating files:  20% (12776/63878)Updating files:  20% (12978/63878)Updating files:  21% (13415/63878)Updating files:  22% (14054/63878)Updating files:  22% (14426/63878)Updating files:  23% (14692/63878)Updating files:  24% (15331/63878)Updating files:  25% (15970/63878)Updating files:  25% (15990/63878)Updating files:  26% (16609/63878)Updating files:  27% (17248/63878)Updating files:  27% (17616/63878)Updating files:  28% (17886/63878)Updating files:  29% (18525/63878)Updating files:  29% (19039/63878)Updating files:  30% (19164/63878)Updating files:  31% (19803/63878)Updating files:  32% (20441/63878)Updating files:  32% (20907/63878)Updating files:  33% (21080/63878)Updating files:  34% (21719/63878)Updating files:  35% (22358/63878)Updating files:  35% (22489/63878)Updating files:  36% (22997/63878)Updating files:  36% (23524/63878)Updating files:  37% (23635/63878)Updating files:  38% (24274/63878)Updating files:  39% (24913/63878)Updating files:  39% (24976/63878)Updating files:  40% (25552/63878)Updating files:  40% (26125/63878)Updating files:  41% (26190/63878)Updating files:  41% (26378/63878)Updating files:  41% (26431/63878)Updating files:  42% (26829/63878)Updating files:  42% (27020/63878)Updating files:  43% (27468/63878)Updating files:  44% (28107/63878)Updating files:  44% (28275/63878)Updating files:  45% (28746/63878)Updating files:  46% (29384/63878)Updating files:  46% (29572/63878)Updating files:  47% (30023/63878)Updating files:  47% (30648/63878)Updating files:  48% (30662/63878)Updating files:  49% (31301/63878)Updating files:  49% (31627/63878)Updating files:  50% (31939/63878)Updating files:  51% (32578/63878)Updating files:  51% (32740/63878)Updating files:  52% (33217/63878)Updating files:  52% (33683/63878)Updating files:  53% (33856/63878)Updating files:  54% (34495/63878)Updating files:  54% (34944/63878)Updating files:  55% (35133/63878)Updating files:  56% (35772/63878)Updating files:  56% (36058/63878)Updating files:  57% (36411/63878)Updating files:  57% (36926/63878)Updating files:  58% (37050/63878)Updating files:  58% (37688/63878)Updating files:  59% (37689/63878)Updating files:  60% (38327/63878)Updating files:  60% (38482/63878)Updating files:  61% (38966/63878)Updating files:  61% (39306/63878)Updating files:  62% (39605/63878)Updating files:  62% (40100/63878)Updating files:  63% (40244/63878)Updating files:  64% (40882/63878)Updating files:  64% (41234/63878)Updating files:  65% (41521/63878)Updating files:  66% (42160/63878)Updating files:  66% (42233/63878)Updating files:  67% (42799/63878)Updating files:  67% (43170/63878)Updating files:  68% (43438/63878)Updating files:  68% (44068/63878)Updating files:  69% (44076/63878)Updating files:  70% (44715/63878)Updating files:  70% (45113/63878)Updating files:  71% (45354/63878)Updating files:  72% (45993/63878)Updating files:  72% (46227/63878)Updating files:  73% (46631/63878)Updating files:  73% (47242/63878)Updating files:  74% (47270/63878)Updating files:  75% (47909/63878)Updating files:  75% (48318/63878)Updating files:  76% (48548/63878)Updating files:  77% (49187/63878)Updating files:  77% (49276/63878)warning: Clone succeeded, but checkout failed.
You can inspect what was checked out with 'git status'
and retry with 'git restore --source=HEAD :/'

